<?xml version="1.0" encoding="UTF-8" ?>
<testsuite errors="0" failures="0" hostname="Juan-PC" name="appLogic.AuthenticatorTest" skipped="0" tests="1" time="0.534" timestamp="2016-04-29T10:48:24">
  <properties>
    <property name="libs.jsp-compiler.javadoc" value="" />
    <property name="netbeans.autoupdate.country" value="US" />
    <property name="ant.file.type.QicFixSystem" value="file" />
    <property name="javax.xml.parsers.SAXParserFactory" value="com.sun.org.apache.xerces.internal.jaxp.SAXParserFactoryImpl" />
    <property name="javac.test.classpath" value="C:/Users/Juan/Documents/Proyectos/QicFixSystem/lib/restapi/javax.ws.rs-api-2.0.jar:C:/Users/Juan/Documents/Proyectos/QicFixSystem/lib/restlib/asm-all-repackaged-2.2.0-b21.jar;C:/Users/Juan/Documents/Proyectos/QicFixSystem/lib/restlib/cglib-2.2.0-b21.jar;C:/Users/Juan/Documents/Proyectos/QicFixSystem/lib/restlib/guava-14.0.1.jar;C:/Users/Juan/Documents/Proyectos/QicFixSystem/lib/restlib/hk2-api-2.2.0-b21.jar;C:/Users/Juan/Documents/Proyectos/QicFixSystem/lib/restlib/hk2-locator-2.2.0-b21.jar;C:/Users/Juan/Documents/Proyectos/QicFixSystem/lib/restlib/hk2-utils-2.2.0-b21.jar;C:/Users/Juan/Documents/Proyectos/QicFixSystem/lib/restlib/javax.annotation-api-1.2.jar;C:/Users/Juan/Documents/Proyectos/QicFixSystem/lib/restlib/javax.inject-2.2.0-b21.jar;C:/Users/Juan/Documents/Proyectos/QicFixSystem/lib/restlib/javax.servlet-api-3.0.1.jar;C:/Users/Juan/Documents/Proyectos/QicFixSystem/lib/restlib/jaxb-api-2.2.7.jar;C:/Users/Juan/Documents/Proyectos/QicFixSystem/lib/restlib/jersey-entity-filtering-2.5.1.jar;C:/Users/Juan/Documents/Proyectos/QicFixSystem/lib/restlib/jersey-media-moxy-2.5.1.jar;C:/Users/Juan/Documents/Proyectos/QicFixSystem/lib/restlib/org.osgi.core-4.2.0.jar;C:/Users/Juan/Documents/Proyectos/QicFixSystem/lib/restlib/osgi-resource-locator-1.0.1.jar;C:/Users/Juan/Documents/Proyectos/QicFixSystem/lib/restlib/persistence-api-1.0.jar;C:/Users/Juan/Documents/Proyectos/QicFixSystem/lib/restlib/validation-api-1.1.0.Final.jar;C:/Users/Juan/Documents/Proyectos/QicFixSystem/lib/restlib/jersey-client.jar;C:/Users/Juan/Documents/Proyectos/QicFixSystem/lib/restlib/jersey-common.jar;C:/Users/Juan/Documents/Proyectos/QicFixSystem/lib/restlib/jersey-container-servlet.jar;C:/Users/Juan/Documents/Proyectos/QicFixSystem/lib/restlib/jersey-container-servlet-core.jar;C:/Users/Juan/Documents/Proyectos/QicFixSystem/lib/restlib/jersey-server.jar;C:/Users/Juan/Documents/Proyectos/QicFixSystem/lib/restlib/eclipselink.jar:lib\mysql-connector-java-5.1.38-bin.jar:lib\gson-2.6.2.jar:lib\javax.websocket-api-1.0-rc4.jar:lib\mockito-all-1.10.19.jar:build/web/WEB-INF/classes:C:/Users/Juan/Documents/Proyectos/QicFixSystem/lib/junit_4/junit-4.10.jar" />
    <property name="libs.jsf20.maven-pom" value="" />
    <property name="j2ee.copy.static.files.on.save" value="true" />
    <property name="libs.DataBindingME.src" value="C:\Program Files\NetBeans 8.1\mobility\sources\netbeans_databindingme-src.zip" />
    <property name="source.root" value="src" />
    <property name="do.display.browser" value="true" />
    <property name="libs.JasperReports.javadoc" value="" />
    <property name="libs.junit.javadoc" value="C:/Users/Juan/Documents/Proyectos/QicFixSystem/lib/junit/junit-3.8.2-api.zip" />
    <property name="libs.spring-webmvc4.0.src" value="" />
    <property name="javac.includes" value="appLogic/AuthenticatorTest.java" />
    <property name="libs.restapi.displayName" value="JAX-RS 2.0" />
    <property name="ant.core.lib" value="C:\Program Files\NetBeans 8.1\extide\ant\lib\ant.jar" />
    <property name="javadoc.windowtitle" value="" />
    <property name="libs.jsp-compilation.javadoc" value="" />
    <property name="user.dir" value="C:\Users\Juan\Documents\Proyectos\QicFixSystem" />
    <property name="libs.javaee-api-7.0.src" value="" />
    <property name="java.vm.version" value="25.31-b07" />
    <property name="libs.DataBindingME.classpath" value="C:\Program Files\NetBeans 8.1\mobility\modules\ext\netbeans_databindingme.jar" />
    <property name="libs.j2me_common_ant.src" value="" />
    <property name="libs.JasperReports.src" value="" />
    <property name="ant.file.type.QicFixSystem-rest-build" value="file" />
    <property name="libs.MySQLDriver.classpath" value="C:/Users/Juan/Documents/Proyectos/QicFixSystem/lib/MySQLDriver/mysql-connector-java-5.1.23-bin.jar" />
    <property name="libs.jaxws21.prop-maven-dependencies" value="&#xa;                javax.jws:jsr181-api:1.0-MR1:jar&#xa;                com.sun.xml.ws:jaxws-rt:2.2.6-1:jar&#xa;            " />
    <property name="libs.eclipselinkmodelgen.src" value="" />
    <property name="javadoc.notree" value="false" />
    <property name="lib.dir" value="web/WEB-INF/lib" />
    <property name="netbeans.autoupdate.version" value="1.23" />
    <property name="libs.EclipseLink-GlassFish-v3.classpath" value="C:\Program Files\glassfish-3.1.2.2\glassfish\modules\org.eclipse.persistence.antlr.jar;C:\Program Files\glassfish-3.1.2.2\glassfish\modules\org.eclipse.persistence.asm.jar;C:\Program Files\glassfish-3.1.2.2\glassfish\modules\org.eclipse.persistence.core.jar;C:\Program Files\glassfish-3.1.2.2\glassfish\modules\org.eclipse.persistence.jpa.jar;C:\Program Files\glassfish-3.1.2.2\glassfish\modules\org.eclipse.persistence.jpa.modelgen.jar;C:\Program Files\glassfish-3.1.2.2\glassfish\modules\org.eclipse.persistence.moxy.jar;C:\Program Files\glassfish-3.1.2.2\glassfish\modules\org.eclipse.persistence.oracle.jar;C:\Program Files\glassfish-3.1.2.2\glassfish\modules\javax.persistence.jar" />
    <property name="libs.javaee-web-api-6.0.classpath" value="C:\Program Files\NetBeans 8.1\enterprise\modules\ext\javaee-web-api-6.0.jar" />
    <property name="libs.DataBindingME-PIM.maven-pom" value="" />
    <property name="libs.Java-EE-GlassFish-v3-Prelude.javadoc" value="C:\Program Files\NetBeans 8.1\enterprise\docs\javaee-doc-api.jar" />
    <property name="jdk.home" value="C:\Program Files\Java\jdk1.8.0_31" />
    <property name="directory.deployment.supported" value="true" />
    <property name="libs.javac-api.src" value="" />
    <property name="javadoc.noindex" value="false" />
    <property name="libs.jpa2-persistence.classpath" value="C:\Program Files\NetBeans 8.1\java\modules\ext\hibernate4\hibernate-jpa-2.1-api-1.0.0.Final.jar" />
    <property name="sun.os.patch.level" value="" />
    <property name="file.reference.gson-2.6.2.jar" value="lib\gson-2.6.2.jar" />
    <property name="file.reference.mysql-connector-java-5.1.38-bin.jar" value="lib\mysql-connector-java-5.1.38-bin.jar" />
    <property name="libs.Java-EE-GlassFish-v3-Prelude.src" value="" />
    <property name="java.vm.specification.name" value="Java Virtual Machine Specification" />
    <property name="nb.show.statistics.ui" value="usageStatisticsEnabled" />
    <property name="netbeans.autoupdate.variant" value="" />
    <property name="platforms.JDK_1.7.home" value="C:\Program Files\Java\jdk1.7.0_79" />
    <property name="have.tests" value="true" />
    <property name="org.xml.sax.driver" value="com.sun.org.apache.xerces.internal.jaxp.SAXParserImpl$JAXPSAXParser" />
    <property name="libs.hamcrest.classpath" value="C:\Program Files\NetBeans 8.1\platform\modules\ext\hamcrest-core-1.3.jar" />
    <property name="j2ee.server.instance" value="tomcat70:home=C:\Program Files\Apache Software Foundation\apache-tomcat-7.0.40" />
    <property name="libs.javac-api.javadoc" value="" />
    <property name="os.name" value="Windows 8.1" />
    <property name="test.class" value="appLogic.AuthenticatorTest" />
    <property name="libs.beans-binding.classpath" value="C:\Program Files\NetBeans 8.1\java\modules\ext\beansbinding-1.2.1.jar" />
    <property name="libs.javaee-endorsed-api-7.0.maven-pom" value="" />
    <property name="ap.proc.none.internal" value="" />
    <property name="libs.DataBindingME-SVG.javadoc" value="C:\Program Files\NetBeans 8.1\mobility\modules\docs\netbeans_databindingme_svg-api.zip" />
    <property name="libs.restapi.javadoc" value="" />
    <property name="libs.JWSAntTasks.maven-pom" value="" />
    <property name="libs.jstl.classpath" value="C:\Program Files\NetBeans 8.1\enterprise\modules\ext\jstl-impl.jar;C:\Program Files\NetBeans 8.1\enterprise\modules\ext\jstl-api.jar" />
    <property name="libs.testng.src" value="" />
    <property name="nu.validator.spec.alt-advice" value="jar:file:/C:/Program%20Files/NetBeans%208.1/ide/modules/ext/validator.jar!/nu/validator/localentities/files/wiki_whatwg_org_wiki_Validator_nu_alt_advice" />
    <property name="libs.spring-webmvc3.0.src" value="" />
    <property name="libs.restapi.classpath" value="C:/Users/Juan/Documents/Proyectos/QicFixSystem/lib/restapi/javax.ws.rs-api-2.0.jar" />
    <property name="runmain.jvmargs" value="" />
    <property name="java.vendor.url.bug" value="http://bugreport.sun.com/bugreport/" />
    <property name="libs.jaxb.maven-pom" value="" />
    <property name="os.arch" value="amd64" />
    <property name="libs.eclipselink.src" value="" />
    <property name="user.name" value="Juan" />
    <property name="j2ee.compile.on.save" value="false" />
    <property name="libs.jsf12.javadoc" value="C:\Program Files\NetBeans 8.1\enterprise\docs\javaee-doc-api.jar" />
    <property name="libs.Comet-GlassFish-v3.javadoc" value="" />
    <property name="libs.j2me_common_ant.maven-pom" value="" />
    <property name="javax.xml.datatype.DatatypeFactory" value="com.sun.org.apache.xerces.internal.jaxp.datatype.DatatypeFactoryImpl" />
    <property name="libs.spring-webmvc3.0.maven-pom" value="" />
    <property name="libs.swing-layout.maven-pom" value="" />
    <property name="sun.java.command" value="org.apache.tools.ant.taskdefs.optional.junit.JUnitTestRunner appLogic.AuthenticatorTest skipNonTests=false filtertrace=true haltOnError=false haltOnFailure=false showoutput=true outputtoformatters=true logfailedtests=true threadid=0 logtestlistenerevents=true formatter=org.apache.tools.ant.taskdefs.optional.junit.BriefJUnitResultFormatter formatter=org.apache.tools.ant.taskdefs.optional.junit.XMLJUnitResultFormatter,C:\Users\Juan\Documents\Proyectos\QicFixSystem\build\test\results\TEST-appLogic.AuthenticatorTest.xml crashfile=C:\Users\Juan\Documents\Proyectos\QicFixSystem\build\junitvmwatcher3626896666094402965.properties propsfile=C:\Users\Juan\Documents\Proyectos\QicFixSystem\build\junit4233092554636548652.properties" />
    <property name="build.classes.dir" value="build/web/WEB-INF/classes" />
    <property name="netbeans.accept_license_class" value="org.netbeans.license.AcceptLicense" />
    <property name="ap.supported.internal" value="true" />
    <property name="libs.javaee-endorsed-api-7.0.javadoc" value="C:\Program Files\NetBeans 8.1\enterprise\docs\javaee-doc-api.jar" />
    <property name="libs.jaxws21.javadoc" value="C:/Users/Juan/Documents/Proyectos/QicFixSystem/lib/jaxws21/jaxws-api-doc.zip" />
    <property name="libs.spring-webmvc4.0.javadoc" value="" />
    <property name="build.web.excludes" value="**/*.java,**/*.form" />
    <property name="includes" value="**" />
    <property name="browser.context" value="C:\Users\Juan\Documents\Proyectos\QicFixSystem\test\appLogic\AuthenticatorTest.java" />
    <property name="javax.xml.parsers.DocumentBuilderFactory" value="com.sun.org.apache.xerces.internal.jaxp.DocumentBuilderFactoryImpl" />
    <property name="user.country" value="US" />
    <property name="javadoc.encoding" value="UTF-8" />
    <property name="javac.classpath" value="C:/Users/Juan/Documents/Proyectos/QicFixSystem/lib/restapi/javax.ws.rs-api-2.0.jar:C:/Users/Juan/Documents/Proyectos/QicFixSystem/lib/restlib/asm-all-repackaged-2.2.0-b21.jar;C:/Users/Juan/Documents/Proyectos/QicFixSystem/lib/restlib/cglib-2.2.0-b21.jar;C:/Users/Juan/Documents/Proyectos/QicFixSystem/lib/restlib/guava-14.0.1.jar;C:/Users/Juan/Documents/Proyectos/QicFixSystem/lib/restlib/hk2-api-2.2.0-b21.jar;C:/Users/Juan/Documents/Proyectos/QicFixSystem/lib/restlib/hk2-locator-2.2.0-b21.jar;C:/Users/Juan/Documents/Proyectos/QicFixSystem/lib/restlib/hk2-utils-2.2.0-b21.jar;C:/Users/Juan/Documents/Proyectos/QicFixSystem/lib/restlib/javax.annotation-api-1.2.jar;C:/Users/Juan/Documents/Proyectos/QicFixSystem/lib/restlib/javax.inject-2.2.0-b21.jar;C:/Users/Juan/Documents/Proyectos/QicFixSystem/lib/restlib/javax.servlet-api-3.0.1.jar;C:/Users/Juan/Documents/Proyectos/QicFixSystem/lib/restlib/jaxb-api-2.2.7.jar;C:/Users/Juan/Documents/Proyectos/QicFixSystem/lib/restlib/jersey-entity-filtering-2.5.1.jar;C:/Users/Juan/Documents/Proyectos/QicFixSystem/lib/restlib/jersey-media-moxy-2.5.1.jar;C:/Users/Juan/Documents/Proyectos/QicFixSystem/lib/restlib/org.osgi.core-4.2.0.jar;C:/Users/Juan/Documents/Proyectos/QicFixSystem/lib/restlib/osgi-resource-locator-1.0.1.jar;C:/Users/Juan/Documents/Proyectos/QicFixSystem/lib/restlib/persistence-api-1.0.jar;C:/Users/Juan/Documents/Proyectos/QicFixSystem/lib/restlib/validation-api-1.1.0.Final.jar;C:/Users/Juan/Documents/Proyectos/QicFixSystem/lib/restlib/jersey-client.jar;C:/Users/Juan/Documents/Proyectos/QicFixSystem/lib/restlib/jersey-common.jar;C:/Users/Juan/Documents/Proyectos/QicFixSystem/lib/restlib/jersey-container-servlet.jar;C:/Users/Juan/Documents/Proyectos/QicFixSystem/lib/restlib/jersey-container-servlet-core.jar;C:/Users/Juan/Documents/Proyectos/QicFixSystem/lib/restlib/jersey-server.jar;C:/Users/Juan/Documents/Proyectos/QicFixSystem/lib/restlib/eclipselink.jar:lib\mysql-connector-java-5.1.38-bin.jar:lib\gson-2.6.2.jar:lib\javax.websocket-api-1.0-rc4.jar:lib\mockito-all-1.10.19.jar" />
    <property name="libs.jsp-compilation-syscp.src" value="" />
    <property name="libs.JAVADB_DRIVER_LABEL.src" value="" />
    <property name="libs.spring-framework400.classpath" value="C:\Program Files\NetBeans 8.1\ide\modules\org-apache-commons-logging.jar;C:\Program Files\NetBeans 8.1\java\modules\ext\cglib-2.2.jar;C:\Program Files\NetBeans 8.1\java\modules\ext\spring-4\spring-aop-4.0.1.RELEASE.jar;C:\Program Files\NetBeans 8.1\java\modules\ext\spring-4\spring-aspects-4.0.1.RELEASE.jar;C:\Program Files\NetBeans 8.1\java\modules\ext\spring-4\spring-beans-4.0.1.RELEASE.jar;C:\Program Files\NetBeans 8.1\java\modules\ext\spring-4\spring-build-src-4.0.1.RELEASE.jar;C:\Program Files\NetBeans 8.1\java\modules\ext\spring-4\spring-context-4.0.1.RELEASE.jar;C:\Program Files\NetBeans 8.1\java\modules\ext\spring-4\spring-context-support-4.0.1.RELEASE.jar;C:\Program Files\NetBeans 8.1\java\modules\ext\spring-4\spring-core-4.0.1.RELEASE.jar;C:\Program Files\NetBeans 8.1\java\modules\ext\spring-4\spring-expression-4.0.1.RELEASE.jar;C:\Program Files\NetBeans 8.1\java\modules\ext\spring-4\spring-framework-bom-4.0.1.RELEASE.jar;C:\Program Files\NetBeans 8.1\java\modules\ext\spring-4\spring-instrument-4.0.1.RELEASE.jar;C:\Program Files\NetBeans 8.1\java\modules\ext\spring-4\spring-instrument-tomcat-4.0.1.RELEASE.jar;C:\Program Files\NetBeans 8.1\java\modules\ext\spring-4\spring-jdbc-4.0.1.RELEASE.jar;C:\Program Files\NetBeans 8.1\java\modules\ext\spring-4\spring-jms-4.0.1.RELEASE.jar;C:\Program Files\NetBeans 8.1\java\modules\ext\spring-4\spring-messaging-4.0.1.RELEASE.jar;C:\Program Files\NetBeans 8.1\java\modules\ext\spring-4\spring-orm-4.0.1.RELEASE.jar;C:\Program Files\NetBeans 8.1\java\modules\ext\spring-4\spring-oxm-4.0.1.RELEASE.jar;C:\Program Files\NetBeans 8.1\java\modules\ext\spring-4\spring-test-4.0.1.RELEASE.jar;C:\Program Files\NetBeans 8.1\java\modules\ext\spring-4\spring-tx-4.0.1.RELEASE.jar;C:\Program Files\NetBeans 8.1\java\modules\ext\spring-4\spring-web-4.0.1.RELEASE.jar;C:\Program Files\NetBeans 8.1\java\modules\ext\spring-4\spring-webmvc-4.0.1.RELEASE.jar;C:\Program Files\NetBeans 8.1\java\modules\ext\spring-4\spring-webmvc-portlet-4.0.1.RELEASE.jar;C:\Program Files\NetBeans 8.1\java\modules\ext\spring-4\spring-websocket-4.0.1.RELEASE.jar" />
    <property name="do.debug.server" value="true" />
    <property name="debug-transport" value="dt_shmem" />
    <property name="netbeans.home" value="C:\Program Files\NetBeans 8.1\platform" />
    <property name="build.compiler.emacs" value="true" />
    <property name="libs.javaee-web-api-6.0.src" value="" />
    <property name="libs.jsp-compilation-syscp.classpath" value="C:\Program Files\NetBeans 8.1\extide\ant\lib\ant.jar;C:\Program Files\NetBeans 8.1\enterprise\modules\ext\servlet3.1-jsp2.3-api.jar;C:\Program Files\NetBeans 8.1\enterprise\modules\ext\glassfish-jspparser-4.0.jar;C:\Program Files\NetBeans 8.1\enterprise\modules\ext\jstl-impl.jar;C:\Program Files\NetBeans 8.1\enterprise\modules\ext\jsf-2_2\javax.faces.jar" />
    <property name="java.endorsed.dirs" value="C:\Program Files\Java\jdk1.8.0_31\jre\lib\endorsed" />
    <property name="libs.Comet-GlassFish-v3.maven-pom" value="" />
    <property name="libs.groovy-all.src" value="" />
    <property name="test.includes" value="appLogic/AuthenticatorTest.java" />
    <property name="netbeans.dynamic.classpath" value="C:\Program Files\NetBeans 8.1\platform\core\asm-all-5.0.1.jar;C:\Program Files\NetBeans 8.1\platform\core\core-base.jar;C:\Program Files\NetBeans 8.1\platform\core\core.jar;C:\Program Files\NetBeans 8.1\platform\core\org-netbeans-libs-asm.jar;C:\Program Files\NetBeans 8.1\platform\core\org-openide-filesystems-compat8.jar;C:\Program Files\NetBeans 8.1\platform\core\org-openide-filesystems.jar;C:\Program Files\NetBeans 8.1\platform\core\locale\core-base_ja.jar;C:\Program Files\NetBeans 8.1\platform\core\locale\core-base_pt_BR.jar;C:\Program Files\NetBeans 8.1\platform\core\locale\core-base_ru.jar;C:\Program Files\NetBeans 8.1\platform\core\locale\core-base_zh_CN.jar;C:\Program Files\NetBeans 8.1\platform\core\locale\core_ja.jar;C:\Program Files\NetBeans 8.1\platform\core\locale\core_pt_BR.jar;C:\Program Files\NetBeans 8.1\platform\core\locale\core_ru.jar;C:\Program Files\NetBeans 8.1\platform\core\locale\core_zh_CN.jar;C:\Program Files\NetBeans 8.1\platform\core\locale\org-netbeans-libs-asm_ja.jar;C:\Program Files\NetBeans 8.1\platform\core\locale\org-netbeans-libs-asm_pt_BR.jar;C:\Program Files\NetBeans 8.1\platform\core\locale\org-netbeans-libs-asm_ru.jar;C:\Program Files\NetBeans 8.1\platform\core\locale\org-netbeans-libs-asm_zh_CN.jar;C:\Program Files\NetBeans 8.1\platform\core\locale\org-openide-filesystems-compat8_ja.jar;C:\Program Files\NetBeans 8.1\platform\core\locale\org-openide-filesystems-compat8_pt_BR.jar;C:\Program Files\NetBeans 8.1\platform\core\locale\org-openide-filesystems-compat8_ru.jar;C:\Program Files\NetBeans 8.1\platform\core\locale\org-openide-filesystems-compat8_zh_CN.jar;C:\Program Files\NetBeans 8.1\platform\core\locale\org-openide-filesystems_ja.jar;C:\Program Files\NetBeans 8.1\platform\core\locale\org-openide-filesystems_pt_BR.jar;C:\Program Files\NetBeans 8.1\platform\core\locale\org-openide-filesystems_ru.jar;C:\Program Files\NetBeans 8.1\platform\core\locale\org-openide-filesystems_zh_CN.jar;C:\Program Files\NetBeans 8.1\nb\core\org-netbeans-upgrader.jar;C:\Program Files\NetBeans 8.1\nb\core\locale\core_nb.jar;C:\Program Files\NetBeans 8.1\nb\core\locale\core_nb_ja.jar;C:\Program Files\NetBeans 8.1\nb\core\locale\core_nb_pt_BR.jar;C:\Program Files\NetBeans 8.1\nb\core\locale\core_nb_ru.jar;C:\Program Files\NetBeans 8.1\nb\core\locale\core_nb_zh_CN.jar;C:\Program Files\NetBeans 8.1\nb\core\locale\org-netbeans-upgrader_ja.jar;C:\Program Files\NetBeans 8.1\nb\core\locale\org-netbeans-upgrader_pt_BR.jar;C:\Program Files\NetBeans 8.1\nb\core\locale\org-netbeans-upgrader_ru.jar;C:\Program Files\NetBeans 8.1\nb\core\locale\org-netbeans-upgrader_zh_CN.jar" />
    <property name="auxiliary.org-netbeans-modules-css-prep.sass_2e_mappings" value="/scss:/css" />
    <property name="java.vm.specification.version" value="1.8" />
    <property name="libs.hibernate4-support.src" value="" />
    <property name="libs.primefaces.classpath" value="C:\Program Files\NetBeans 8.1\enterprise\modules\ext\primefaces\primefaces-5.0.jar" />
    <property name="libs.javaee-api-6.0.classpath" value="C:\Program Files\NetBeans 8.1\enterprise\modules\ext\javaee-api-6.0.jar" />
    <property name="libs.groovy-all.maven-pom" value="" />
    <property name="netbeans.productversion" value="NetBeans IDE 8.1 (Build 201510222201)" />
    <property name="libs.jaxws21.src" value="" />
    <property name="do.war.package.with.custom.manifest" value="true" />
    <property name="netbeans.autoupdate.language" value="en" />
    <property name="libs.MySQLDriver.displayName" value="MySQL JDBC Driver" />
    <property name="java.vendor" value="Oracle Corporation" />
    <property name="auxiliary.org-netbeans-modules-css-prep.less_2e_enabled" value="false" />
    <property name="libs.javaee-api-6.0.javadoc" value="C:\Program Files\NetBeans 8.1\enterprise\docs\javaee-doc-api.jar" />
    <property name="libs.restlib.prop-maven-dependencies" value="&#xa;                org.glassfish.jersey.containers:jersey-container-servlet:2.5.1:jar&#xa;                org.glassfish.jersey.core:jersey-client:2.5.1:jar&#xa;                org.glassfish.jersey.media:jersey-media-moxy:2.5.1:jar&#xa;            " />
    <property name="libs.MySQLDriver.prop-maven-dependencies" value="mysql:mysql-connector-java:5.1.23:jar" />
    <property name="javac.debug" value="true" />
    <property name="libs.restapi.prop-maven-dependencies" value="javax.ws.rs:javax.ws.rs-api:jar" />
    <property name="javadoc.splitindex" value="true" />
    <property name="file.separator" value="\" />
    <property name="libs.Java-EE-GlassFish-v3-Prelude.maven-pom" value="" />
    <property name="libs.junit_4.maven-pom" value="" />
    <property name="resource.dir" value="setup" />
    <property name="javac.test.processorpath" value="C:/Users/Juan/Documents/Proyectos/QicFixSystem/lib/restapi/javax.ws.rs-api-2.0.jar:C:/Users/Juan/Documents/Proyectos/QicFixSystem/lib/restlib/asm-all-repackaged-2.2.0-b21.jar;C:/Users/Juan/Documents/Proyectos/QicFixSystem/lib/restlib/cglib-2.2.0-b21.jar;C:/Users/Juan/Documents/Proyectos/QicFixSystem/lib/restlib/guava-14.0.1.jar;C:/Users/Juan/Documents/Proyectos/QicFixSystem/lib/restlib/hk2-api-2.2.0-b21.jar;C:/Users/Juan/Documents/Proyectos/QicFixSystem/lib/restlib/hk2-locator-2.2.0-b21.jar;C:/Users/Juan/Documents/Proyectos/QicFixSystem/lib/restlib/hk2-utils-2.2.0-b21.jar;C:/Users/Juan/Documents/Proyectos/QicFixSystem/lib/restlib/javax.annotation-api-1.2.jar;C:/Users/Juan/Documents/Proyectos/QicFixSystem/lib/restlib/javax.inject-2.2.0-b21.jar;C:/Users/Juan/Documents/Proyectos/QicFixSystem/lib/restlib/javax.servlet-api-3.0.1.jar;C:/Users/Juan/Documents/Proyectos/QicFixSystem/lib/restlib/jaxb-api-2.2.7.jar;C:/Users/Juan/Documents/Proyectos/QicFixSystem/lib/restlib/jersey-entity-filtering-2.5.1.jar;C:/Users/Juan/Documents/Proyectos/QicFixSystem/lib/restlib/jersey-media-moxy-2.5.1.jar;C:/Users/Juan/Documents/Proyectos/QicFixSystem/lib/restlib/org.osgi.core-4.2.0.jar;C:/Users/Juan/Documents/Proyectos/QicFixSystem/lib/restlib/osgi-resource-locator-1.0.1.jar;C:/Users/Juan/Documents/Proyectos/QicFixSystem/lib/restlib/persistence-api-1.0.jar;C:/Users/Juan/Documents/Proyectos/QicFixSystem/lib/restlib/validation-api-1.1.0.Final.jar;C:/Users/Juan/Documents/Proyectos/QicFixSystem/lib/restlib/jersey-client.jar;C:/Users/Juan/Documents/Proyectos/QicFixSystem/lib/restlib/jersey-common.jar;C:/Users/Juan/Documents/Proyectos/QicFixSystem/lib/restlib/jersey-container-servlet.jar;C:/Users/Juan/Documents/Proyectos/QicFixSystem/lib/restlib/jersey-container-servlet-core.jar;C:/Users/Juan/Documents/Proyectos/QicFixSystem/lib/restlib/jersey-server.jar;C:/Users/Juan/Documents/Proyectos/QicFixSystem/lib/restlib/eclipselink.jar:lib\mysql-connector-java-5.1.38-bin.jar:lib\gson-2.6.2.jar:lib\javax.websocket-api-1.0-rc4.jar:lib\mockito-all-1.10.19.jar:build/web/WEB-INF/classes:C:/Users/Juan/Documents/Proyectos/QicFixSystem/lib/junit_4/junit-4.10.jar" />
    <property name="netbeans.buildnumber" value="201510222201" />
    <property name="libs.JWSAntTasks.javadoc" value="" />
    <property name="build.generated.sources.dir" value="build/generated-sources" />
    <property name="user.variant" value="" />
    <property name="libs.eclipselinkmodelgen.classpath" value="C:\Program Files\NetBeans 8.1\java\modules\ext\eclipselink\org.eclipse.persistence.jpa.modelgen_2.5.2.v20140319-9ad6abd.jar" />
    <property name="libs.javaee-endorsed-api-7.0.src" value="" />
    <property name="sun.java.launcher" value="SUN_STANDARD" />
    <property name="libs.junit.classpath" value="C:/Users/Juan/Documents/Proyectos/QicFixSystem/lib/junit/junit-3.8.2.jar" />
    <property name="libs.hibernate4-persistencemodelgen.javadoc" value="" />
    <property name="libs.jaxb.javadoc" value="C:\Program Files\NetBeans 8.1\ide\docs\jaxb-api-doc.zip" />
    <property name="libs.struts.classpath" value="C:\Program Files\NetBeans 8.1\enterprise\modules\ext\struts\antlr-2.7.2.jar;C:\Program Files\NetBeans 8.1\enterprise\modules\ext\struts\bsf-2.3.0.jar;C:\Program Files\NetBeans 8.1\enterprise\modules\ext\struts\commons-beanutils-1.8.0.jar;C:\Program Files\NetBeans 8.1\enterprise\modules\ext\struts\commons-chain-1.2.jar;C:\Program Files\NetBeans 8.1\enterprise\modules\ext\struts\commons-digester-1.8.jar;C:\Program Files\NetBeans 8.1\enterprise\modules\ext\struts\commons-fileupload-1.1.1.jar;C:\Program Files\NetBeans 8.1\enterprise\modules\ext\struts\commons-io-1.1.jar;C:\Program Files\NetBeans 8.1\enterprise\modules\ext\struts\commons-logging-1.0.4.jar;C:\Program Files\NetBeans 8.1\enterprise\modules\ext\struts\commons-validator-1.3.1.jar;C:\Program Files\NetBeans 8.1\enterprise\modules\ext\struts\jstl-1.0.2.jar;C:\Program Files\NetBeans 8.1\enterprise\modules\ext\struts\oro-2.0.8.jar;C:\Program Files\NetBeans 8.1\enterprise\modules\ext\struts\standard-1.0.6.jar;C:\Program Files\NetBeans 8.1\enterprise\modules\ext\struts\struts-core-1.3.10.jar;C:\Program Files\NetBeans 8.1\enterprise\modules\ext\struts\struts-el-1.3.10.jar;C:\Program Files\NetBeans 8.1\enterprise\modules\ext\struts\struts-extras-1.3.10.jar;C:\Program Files\NetBeans 8.1\enterprise\modules\ext\struts\struts-faces-1.3.10.jar;C:\Program Files\NetBeans 8.1\enterprise\modules\ext\struts\struts-mailreader-dao-1.3.10.jar;C:\Program Files\NetBeans 8.1\enterprise\modules\ext\struts\struts-scripting-1.3.10.jar;C:\Program Files\NetBeans 8.1\enterprise\modules\ext\struts\struts-taglib-1.3.10.jar;C:\Program Files\NetBeans 8.1\enterprise\modules\ext\struts\struts-tiles-1.3.10.jar" />
    <property name="application.args.param" value="" />
    <property name="org.openide.awt.SwingBrowserImpl.do-not-block-awt" value="false" />
    <property name="ant.home" value="C:\Program Files\NetBeans 8.1\extide\ant" />
    <property name="libs.junit_4.src" value="C:/Users/Juan/Documents/Proyectos/QicFixSystem/lib/junit_4/junit-4.10-sources.jar" />
    <property name="libs.testng.classpath" value="C:\Program Files\NetBeans 8.1\platform\modules\ext\testng-6.8.1-dist.jar" />
    <property name="conf.dir" value="src/conf" />
    <property name="webinf.dir" value="web/WEB-INF" />
    <property name="libs.absolutelayout.maven-pom" value="" />
    <property name="ant.java.version" value="1.8" />
    <property name="java.library.path" value="C:\Program Files\Java\jdk1.8.0_31\jre\bin;C:\WINDOWS\Sun\Java\bin;C:\WINDOWS\system32;C:\WINDOWS;C:\ProgramData\Oracle\Java\javapath;C:\Program Files\Common Files\Microsoft Shared\Windows Live;C:\Program Files (x86)\Common Files\Microsoft Shared\Windows Live;C:\WINDOWS\system32;C:\WINDOWS;C:\WINDOWS\System32\Wbem;C:\WINDOWS\System32\WindowsPowerShell\v1.0\;C:\Program Files (x86)\Microsoft ASP.NET\ASP.NET Web Pages\v1.0\;C:\Program Files\Microsoft SQL Server\110\Tools\Binn\;C:\wamp\bin\php\php5.5.12;C:\ProgramData\ComposerSetup\bin;C:\Program Files (x86)\MySQL\MySQL Fabric 1.5.4 &amp; MySQL Utilities 1.5.4 1.5\;C:\Program Files (x86)\MySQL\MySQL Fabric 1.5.4 &amp; MySQL Utilities 1.5.4 1.5\Doctrine extensions for PHP\;C:\Program Files (x86)\Windows Live\Shared;C:\Program Files (x86)\NVIDIA Corporation\PhysX\Common;C:\Program Files\Microsoft SQL Server\120\Tools\Binn\;C:\Program Files (x86)\Windows Kits\10\Windows Performance Toolkit\;C:\WINDOWS\system32;C:\WINDOWS;C:\WINDOWS\System32\Wbem;C:\WINDOWS\System32\WindowsPowerShell\v1.0\;C:\Program Files (x86)\nodejs\;C:\Program Files\Microsoft\Web Platform Installer\;C:\Program Files (x86)\Microsoft SDKs\Azure\CLI\wbin;C:\Program Files (x86)\GtkSharp\2.12\bin;C:\Program Files (x86)\Skype\Phone\;C:\Program Files\Microsoft SQL Server\130\Tools\Binn\;C:\Users\Juan\AppData\Roaming\npm;." />
    <property name="javadoc.author" value="false" />
    <property name="libs.metro.maven-pom" value="" />
    <property name="libs.EclipseLink-GlassFish-v3.src" value="" />
    <property name="java.util.logging.config.class" value="org.netbeans.core.startup.TopLogging" />
    <property name="libs.spring-framework400.src" value="" />
    <property name="libs.PostgreSQLDriver.src" value="" />
    <property name="sun.arch.data.model" value="64" />
    <property name="basedir" value="C:\Users\Juan\Documents\Proyectos\QicFixSystem" />
    <property name="libs.jpa20-persistence.maven-pom" value="" />
    <property name="jar.compress" value="false" />
    <property name="libs.javaee-web-api-7.0.classpath" value="C:\Program Files\NetBeans 8.1\enterprise\modules\ext\javaee-web-api-7.0.jar" />
    <property name="file.reference.mockito-all-1.10.19.jar" value="lib\mockito-all-1.10.19.jar" />
    <property name="libs.JasperReports.classpath" value="C:\Users\Juan\AppData\Roaming\NetBeans\8.1\modules\ext\commons-collections-3.2.1.jar;C:\Users\Juan\AppData\Roaming\NetBeans\8.1\modules\ext\commons-logging-1.1.jar;C:\Users\Juan\AppData\Roaming\NetBeans\8.1\modules\ext\jaxen-1.1.1.jar;C:\Users\Juan\AppData\Roaming\NetBeans\8.1\modules\ext\jcommon-1.0.15.jar;C:\Users\Juan\AppData\Roaming\NetBeans\8.1\modules\ext\jfreechart-1.0.12.jar;C:\Users\Juan\AppData\Roaming\NetBeans\8.1\modules\ext\jpa.jar;C:\Users\Juan\AppData\Roaming\NetBeans\8.1\modules\ext\png-encoder-1.5.jar;C:\Users\Juan\AppData\Roaming\NetBeans\8.1\libs\xalan.jar;C:\Users\Juan\AppData\Roaming\NetBeans\8.1\modules\ext\xml-apis.jar;C:\Users\Juan\AppData\Roaming\NetBeans\8.1\modules\ext\batik-anim.jar;C:\Users\Juan\AppData\Roaming\NetBeans\8.1\modules\ext\batik-awt-util.jar;C:\Users\Juan\AppData\Roaming\NetBeans\8.1\modules\ext\batik-bridge.jar;C:\Users\Juan\AppData\Roaming\NetBeans\8.1\modules\ext\batik-css.jar;C:\Users\Juan\AppData\Roaming\NetBeans\8.1\modules\ext\batik-dom.jar;C:\Users\Juan\AppData\Roaming\NetBeans\8.1\modules\ext\batik-ext.jar;C:\Users\Juan\AppData\Roaming\NetBeans\8.1\modules\ext\batik-gvt.jar;C:\Users\Juan\AppData\Roaming\NetBeans\8.1\modules\ext\batik-parser.jar;C:\Users\Juan\AppData\Roaming\NetBeans\8.1\modules\ext\batik-script.jar;C:\Users\Juan\AppData\Roaming\NetBeans\8.1\modules\ext\batik-svg-dom.jar;C:\Users\Juan\AppData\Roaming\NetBeans\8.1\modules\ext\batik-svggen.jar;C:\Users\Juan\AppData\Roaming\NetBeans\8.1\modules\ext\batik-util.jar;C:\Users\Juan\AppData\Roaming\NetBeans\8.1\modules\ext\batik-xml.jar;C:\Users\Juan\AppData\Roaming\NetBeans\8.1\modules\ext\xml-apis-ext.jar;C:\Users\Juan\AppData\Roaming\NetBeans\8.1\modules\ext\castor-1.2.jar;C:\Users\Juan\AppData\Roaming\NetBeans\8.1\modules\ext\barbecue-1.5-beta1.jar" />
    <property name="path.separator" value=";" />
    <property name="dist.war" value="dist/QicFixSystem.war" />
    <property name="libs.javaee-web-api-6.0.javadoc" value="C:\Program Files\NetBeans 8.1\enterprise\docs\javaee-doc-api.jar" />
    <property name="ant.junit.enabletestlistenerevents" value="true" />
    <property name="libs.junit_4.prop-maven-dependencies" value="junit:junit:4.10:jar" />
    <property name="sun.io.unicode.encoding" value="UnicodeLittle" />
    <property name="libs.jaxws21.classpath" value="C:/Users/Juan/Documents/Proyectos/QicFixSystem/lib/jaxws21/jaxb-impl.jar;C:/Users/Juan/Documents/Proyectos/QicFixSystem/lib/jaxws21/jaxb-xjc.jar;C:/Users/Juan/Documents/Proyectos/QicFixSystem/lib/jaxws21/FastInfoset.jar;C:/Users/Juan/Documents/Proyectos/QicFixSystem/lib/jaxws21/gmbal-api-only.jar;C:/Users/Juan/Documents/Proyectos/QicFixSystem/lib/jaxws21/ha-api.jar;C:/Users/Juan/Documents/Proyectos/QicFixSystem/lib/jaxws21/javax.mail_1.4.jar;C:/Users/Juan/Documents/Proyectos/QicFixSystem/lib/jaxws21/jaxws-rt.jar;C:/Users/Juan/Documents/Proyectos/QicFixSystem/lib/jaxws21/jaxws-tools.jar;C:/Users/Juan/Documents/Proyectos/QicFixSystem/lib/jaxws21/management-api.jar;C:/Users/Juan/Documents/Proyectos/QicFixSystem/lib/jaxws21/mimepull.jar;C:/Users/Juan/Documents/Proyectos/QicFixSystem/lib/jaxws21/policy.jar;C:/Users/Juan/Documents/Proyectos/QicFixSystem/lib/jaxws21/saaj-impl.jar;C:/Users/Juan/Documents/Proyectos/QicFixSystem/lib/jaxws21/stax-ex.jar;C:/Users/Juan/Documents/Proyectos/QicFixSystem/lib/jaxws21/stax2-api.jar;C:/Users/Juan/Documents/Proyectos/QicFixSystem/lib/jaxws21/streambuffer.jar;C:/Users/Juan/Documents/Proyectos/QicFixSystem/lib/jaxws21/woodstox-core-asl.jar;C:/Users/Juan/Documents/Proyectos/QicFixSystem/lib/jaxws21/jaxws-api.jar;C:/Users/Juan/Documents/Proyectos/QicFixSystem/lib/jaxws21/jsr181-api.jar;C:/Users/Juan/Documents/Proyectos/QicFixSystem/lib/jaxws21/javax.annotation.jar;C:/Users/Juan/Documents/Proyectos/QicFixSystem/lib/jaxws21/saaj-api.jar;C:/Users/Juan/Documents/Proyectos/QicFixSystem/lib/jaxws21/activation.jar;C:/Users/Juan/Documents/Proyectos/QicFixSystem/lib/jaxws21/jaxb-api.jar;C:/Users/Juan/Documents/Proyectos/QicFixSystem/lib/jaxws21/jsr173_1.0_api.jar" />
    <property name="libs.struts.src" value="" />
    <property name="apple.awt.graphics.UseQuartz" value="true" />
    <property name="user.language" value="en" />
    <property name="j2ee.platform.classpath" value="C:/Program Files/Apache Software Foundation/apache-tomcat-7.0.40/lib/annotations-api.jar:C:/Program Files/Apache Software Foundation/apache-tomcat-7.0.40/lib/catalina-ant.jar:C:/Program Files/Apache Software Foundation/apache-tomcat-7.0.40/lib/catalina-ha.jar:C:/Program Files/Apache Software Foundation/apache-tomcat-7.0.40/lib/catalina-tribes.jar:C:/Program Files/Apache Software Foundation/apache-tomcat-7.0.40/lib/catalina.jar:C:/Program Files/Apache Software Foundation/apache-tomcat-7.0.40/lib/ecj-4.2.2.jar:C:/Program Files/Apache Software Foundation/apache-tomcat-7.0.40/lib/el-api.jar:C:/Program Files/Apache Software Foundation/apache-tomcat-7.0.40/lib/jasper-el.jar:C:/Program Files/Apache Software Foundation/apache-tomcat-7.0.40/lib/jasper.jar:C:/Program Files/Apache Software Foundation/apache-tomcat-7.0.40/lib/jsp-api.jar:C:/Program Files/Apache Software Foundation/apache-tomcat-7.0.40/lib/servlet-api.jar:C:/Program Files/Apache Software Foundation/apache-tomcat-7.0.40/lib/tomcat-api.jar:C:/Program Files/Apache Software Foundation/apache-tomcat-7.0.40/lib/tomcat-coyote.jar:C:/Program Files/Apache Software Foundation/apache-tomcat-7.0.40/lib/tomcat-dbcp.jar:C:/Program Files/Apache Software Foundation/apache-tomcat-7.0.40/lib/tomcat-i18n-es.jar:C:/Program Files/Apache Software Foundation/apache-tomcat-7.0.40/lib/tomcat-i18n-fr.jar:C:/Program Files/Apache Software Foundation/apache-tomcat-7.0.40/lib/tomcat-i18n-ja.jar:C:/Program Files/Apache Software Foundation/apache-tomcat-7.0.40/lib/tomcat-jdbc.jar:C:/Program Files/Apache Software Foundation/apache-tomcat-7.0.40/lib/tomcat-util.jar" />
    <property name="testng.mode" value="testng" />
    <property name="libs.JAXB-ENDORSED.maven-pom" value="" />
    <property name="libs.eclipselink.maven-pom" value="" />
    <property name="build.meta.inf.dir" value="build/web/META-INF" />
    <property name="persistence.xml.dir" value="src/conf" />
    <property name="test.binaryincludes" value="&lt;nothing&gt;" />
    <property name="libs.primefaces.javadoc" value="" />
    <property name="libs.spring-framework300.maven-pom" value="" />
    <property name="run.test.classpath" value="C:/Users/Juan/Documents/Proyectos/QicFixSystem/lib/restapi/javax.ws.rs-api-2.0.jar:C:/Users/Juan/Documents/Proyectos/QicFixSystem/lib/restlib/asm-all-repackaged-2.2.0-b21.jar;C:/Users/Juan/Documents/Proyectos/QicFixSystem/lib/restlib/cglib-2.2.0-b21.jar;C:/Users/Juan/Documents/Proyectos/QicFixSystem/lib/restlib/guava-14.0.1.jar;C:/Users/Juan/Documents/Proyectos/QicFixSystem/lib/restlib/hk2-api-2.2.0-b21.jar;C:/Users/Juan/Documents/Proyectos/QicFixSystem/lib/restlib/hk2-locator-2.2.0-b21.jar;C:/Users/Juan/Documents/Proyectos/QicFixSystem/lib/restlib/hk2-utils-2.2.0-b21.jar;C:/Users/Juan/Documents/Proyectos/QicFixSystem/lib/restlib/javax.annotation-api-1.2.jar;C:/Users/Juan/Documents/Proyectos/QicFixSystem/lib/restlib/javax.inject-2.2.0-b21.jar;C:/Users/Juan/Documents/Proyectos/QicFixSystem/lib/restlib/javax.servlet-api-3.0.1.jar;C:/Users/Juan/Documents/Proyectos/QicFixSystem/lib/restlib/jaxb-api-2.2.7.jar;C:/Users/Juan/Documents/Proyectos/QicFixSystem/lib/restlib/jersey-entity-filtering-2.5.1.jar;C:/Users/Juan/Documents/Proyectos/QicFixSystem/lib/restlib/jersey-media-moxy-2.5.1.jar;C:/Users/Juan/Documents/Proyectos/QicFixSystem/lib/restlib/org.osgi.core-4.2.0.jar;C:/Users/Juan/Documents/Proyectos/QicFixSystem/lib/restlib/osgi-resource-locator-1.0.1.jar;C:/Users/Juan/Documents/Proyectos/QicFixSystem/lib/restlib/persistence-api-1.0.jar;C:/Users/Juan/Documents/Proyectos/QicFixSystem/lib/restlib/validation-api-1.1.0.Final.jar;C:/Users/Juan/Documents/Proyectos/QicFixSystem/lib/restlib/jersey-client.jar;C:/Users/Juan/Documents/Proyectos/QicFixSystem/lib/restlib/jersey-common.jar;C:/Users/Juan/Documents/Proyectos/QicFixSystem/lib/restlib/jersey-container-servlet.jar;C:/Users/Juan/Documents/Proyectos/QicFixSystem/lib/restlib/jersey-container-servlet-core.jar;C:/Users/Juan/Documents/Proyectos/QicFixSystem/lib/restlib/jersey-server.jar;C:/Users/Juan/Documents/Proyectos/QicFixSystem/lib/restlib/eclipselink.jar:lib\mysql-connector-java-5.1.38-bin.jar:lib\gson-2.6.2.jar:lib\javax.websocket-api-1.0-rc4.jar:lib\mockito-all-1.10.19.jar:build/web/WEB-INF/classes:C:/Users/Juan/Documents/Proyectos/QicFixSystem/lib/junit_4/junit-4.10.jar:build/test/classes" />
    <property name="ant.project.invoked-targets" value="test-single" />
    <property name="test.binaryexcludes" value="" />
    <property name="libs.swing-layout.javadoc" value="C:\Program Files\NetBeans 8.1\platform\docs\swing-layout-1.0.4-doc.zip" />
    <property name="sun.java2d.dpiaware" value="true" />
    <property name="libs.hibernate4-persistence.maven-pom" value="" />
    <property name="jspc.schemas" value="/resources/schemas/" />
    <property name="libs.DataBindingME-SVG.classpath" value="C:\Program Files\NetBeans 8.1\mobility\modules\ext\netbeans_databindingme_svg.jar" />
    <property name="https.nonProxyHosts" value="localhost|127.0.0.1|Juan-PC" />
    <property name="libs.PostgreSQLDriver.maven-pom" value="" />
    <property name="java.class.version" value="52.0" />
    <property name="libs.JAVADB_DRIVER_LABEL.classpath" value="C:\Program Files\Java\jdk1.8.0_31\db\lib\derby.jar;C:\Program Files\Java\jdk1.8.0_31\db\lib\derbyclient.jar;C:\Program Files\Java\jdk1.8.0_31\db\lib\derbynet.jar" />
    <property name="libs.hibernate4-persistencemodelgen.maven-pom" value="" />
    <property name="libs.javaee-endorsed-api-6.0.src" value="" />
    <property name="libs.eclipselink.javadoc" value="C:\Program Files\NetBeans 8.1\java\modules\ext\docs\javax.persistence-2.1.0-doc.zip" />
    <property name="libs.jsp-compilation.maven-pom" value="" />
    <property name="user.properties.file" value="C:\Users\Juan\AppData\Roaming\NetBeans\8.1\build.properties" />
    <property name="build.web.dir" value="build/web" />
    <property name="libs.javac-api.maven-pom" value="" />
    <property name="file.encoding.pkg" value="sun.io" />
    <property name="sun.cpu.endian" value="little" />
    <property name="libs.JAXB-ENDORSED.javadoc" value="" />
    <property name="libs.JWSAntTasks.classpath" value="C:\Program Files\NetBeans 8.1\java\ant\extra\org-netbeans-modules-javawebstart-anttasks.jar" />
    <property name="libs.spring-webmvc4.0.maven-pom" value="" />
    <property name="libs.spring-framework300.src" value="" />
    <property name="libs.restlib.displayName" value="Jersey 2.5.1 (JAX-RS RI)" />
    <property name="libs.jstl.src" value="" />
    <property name="empty.dir" value="C:\Users\Juan\Documents\Proyectos\QicFixSystem\build\empty" />
    <property name="display.browser" value="true" />
    <property name="version-output" value="java version &quot;1.8" />
    <property name="test.binarytestincludes" value="" />
    <property name="libs.hibernate4-persistencemodelgen.src" value="" />
    <property name="javadoc.preview" value="true" />
    <property name="libs.jpa20-persistence.javadoc" value="C:\Program Files\NetBeans 8.1\java\modules\ext\docs\javax.persistence-2.1.0-doc.zip" />
    <property name="nbplatform.default.harness.dir" value="${nbplatform.default.netbeans.dest.dir}/harness" />
    <property name="java.home" value="C:\Program Files\Java\jdk1.8.0_31\jre" />
    <property name="libs.jsp-compilation.src" value="" />
    <property name="libs.jaxws21.displayName" value="JAX-WS 2.2.6" />
    <property name="debug.test.classpath" value="C:/Users/Juan/Documents/Proyectos/QicFixSystem/lib/restapi/javax.ws.rs-api-2.0.jar:C:/Users/Juan/Documents/Proyectos/QicFixSystem/lib/restlib/asm-all-repackaged-2.2.0-b21.jar;C:/Users/Juan/Documents/Proyectos/QicFixSystem/lib/restlib/cglib-2.2.0-b21.jar;C:/Users/Juan/Documents/Proyectos/QicFixSystem/lib/restlib/guava-14.0.1.jar;C:/Users/Juan/Documents/Proyectos/QicFixSystem/lib/restlib/hk2-api-2.2.0-b21.jar;C:/Users/Juan/Documents/Proyectos/QicFixSystem/lib/restlib/hk2-locator-2.2.0-b21.jar;C:/Users/Juan/Documents/Proyectos/QicFixSystem/lib/restlib/hk2-utils-2.2.0-b21.jar;C:/Users/Juan/Documents/Proyectos/QicFixSystem/lib/restlib/javax.annotation-api-1.2.jar;C:/Users/Juan/Documents/Proyectos/QicFixSystem/lib/restlib/javax.inject-2.2.0-b21.jar;C:/Users/Juan/Documents/Proyectos/QicFixSystem/lib/restlib/javax.servlet-api-3.0.1.jar;C:/Users/Juan/Documents/Proyectos/QicFixSystem/lib/restlib/jaxb-api-2.2.7.jar;C:/Users/Juan/Documents/Proyectos/QicFixSystem/lib/restlib/jersey-entity-filtering-2.5.1.jar;C:/Users/Juan/Documents/Proyectos/QicFixSystem/lib/restlib/jersey-media-moxy-2.5.1.jar;C:/Users/Juan/Documents/Proyectos/QicFixSystem/lib/restlib/org.osgi.core-4.2.0.jar;C:/Users/Juan/Documents/Proyectos/QicFixSystem/lib/restlib/osgi-resource-locator-1.0.1.jar;C:/Users/Juan/Documents/Proyectos/QicFixSystem/lib/restlib/persistence-api-1.0.jar;C:/Users/Juan/Documents/Proyectos/QicFixSystem/lib/restlib/validation-api-1.1.0.Final.jar;C:/Users/Juan/Documents/Proyectos/QicFixSystem/lib/restlib/jersey-client.jar;C:/Users/Juan/Documents/Proyectos/QicFixSystem/lib/restlib/jersey-common.jar;C:/Users/Juan/Documents/Proyectos/QicFixSystem/lib/restlib/jersey-container-servlet.jar;C:/Users/Juan/Documents/Proyectos/QicFixSystem/lib/restlib/jersey-container-servlet-core.jar;C:/Users/Juan/Documents/Proyectos/QicFixSystem/lib/restlib/jersey-server.jar;C:/Users/Juan/Documents/Proyectos/QicFixSystem/lib/restlib/eclipselink.jar:lib\mysql-connector-java-5.1.38-bin.jar:lib\gson-2.6.2.jar:lib\javax.websocket-api-1.0-rc4.jar:lib\mockito-all-1.10.19.jar:build/web/WEB-INF/classes:C:/Users/Juan/Documents/Proyectos/QicFixSystem/lib/junit_4/junit-4.10.jar:build/test/classes" />
    <property name="libs.javaee-endorsed-api-6.0.classpath" value="C:/Users/Juan/Documents/Proyectos/QicFixSystem/lib/javaee-endorsed-api-6.0/javax.annotation.jar;C:/Users/Juan/Documents/Proyectos/QicFixSystem/lib/javaee-endorsed-api-6.0/jaxb-api-osgi.jar;C:/Users/Juan/Documents/Proyectos/QicFixSystem/lib/javaee-endorsed-api-6.0/webservices-api-osgi.jar" />
    <property name="libs.javaee-api-6.0.src" value="" />
    <property name="netbeans.importclass" value="org.netbeans.upgrade.AutoUpgrade" />
    <property name="ant.project.default-target" value="default" />
    <property name="annotation.processing.run.all.processors" value="true" />
    <property name="libs.DataBindingME.maven-pom" value="" />
    <property name="libs.PostgreSQLDriver.javadoc" value="" />
    <property name="libs.restlib.classpath" value="C:/Users/Juan/Documents/Proyectos/QicFixSystem/lib/restlib/asm-all-repackaged-2.2.0-b21.jar;C:/Users/Juan/Documents/Proyectos/QicFixSystem/lib/restlib/cglib-2.2.0-b21.jar;C:/Users/Juan/Documents/Proyectos/QicFixSystem/lib/restlib/guava-14.0.1.jar;C:/Users/Juan/Documents/Proyectos/QicFixSystem/lib/restlib/hk2-api-2.2.0-b21.jar;C:/Users/Juan/Documents/Proyectos/QicFixSystem/lib/restlib/hk2-locator-2.2.0-b21.jar;C:/Users/Juan/Documents/Proyectos/QicFixSystem/lib/restlib/hk2-utils-2.2.0-b21.jar;C:/Users/Juan/Documents/Proyectos/QicFixSystem/lib/restlib/javax.annotation-api-1.2.jar;C:/Users/Juan/Documents/Proyectos/QicFixSystem/lib/restlib/javax.inject-2.2.0-b21.jar;C:/Users/Juan/Documents/Proyectos/QicFixSystem/lib/restlib/javax.servlet-api-3.0.1.jar;C:/Users/Juan/Documents/Proyectos/QicFixSystem/lib/restlib/jaxb-api-2.2.7.jar;C:/Users/Juan/Documents/Proyectos/QicFixSystem/lib/restlib/jersey-entity-filtering-2.5.1.jar;C:/Users/Juan/Documents/Proyectos/QicFixSystem/lib/restlib/jersey-media-moxy-2.5.1.jar;C:/Users/Juan/Documents/Proyectos/QicFixSystem/lib/restlib/org.osgi.core-4.2.0.jar;C:/Users/Juan/Documents/Proyectos/QicFixSystem/lib/restlib/osgi-resource-locator-1.0.1.jar;C:/Users/Juan/Documents/Proyectos/QicFixSystem/lib/restlib/persistence-api-1.0.jar;C:/Users/Juan/Documents/Proyectos/QicFixSystem/lib/restlib/validation-api-1.1.0.Final.jar;C:/Users/Juan/Documents/Proyectos/QicFixSystem/lib/restlib/jersey-client.jar;C:/Users/Juan/Documents/Proyectos/QicFixSystem/lib/restlib/jersey-common.jar;C:/Users/Juan/Documents/Proyectos/QicFixSystem/lib/restlib/jersey-container-servlet.jar;C:/Users/Juan/Documents/Proyectos/QicFixSystem/lib/restlib/jersey-container-servlet-core.jar;C:/Users/Juan/Documents/Proyectos/QicFixSystem/lib/restlib/jersey-server.jar;C:/Users/Juan/Documents/Proyectos/QicFixSystem/lib/restlib/eclipselink.jar" />
    <property name="libs.MySQLDriver.maven-pom" value="" />
    <property name="libraries.dir.nativedirsep" value="C:\Users\Juan\Documents\Proyectos\QicFixSystem\lib" />
    <property name="libs.hibernate4-persistence.javadoc" value="C:\Program Files\NetBeans 8.1\java\modules\ext\docs\javax.persistence-2.1.0-doc.zip" />
    <property name="http.nonProxyHosts" value="localhost|127.0.0.1|Juan-PC" />
    <property name="libs.junit_4.javadoc" value="C:/Users/Juan/Documents/Proyectos/QicFixSystem/lib/junit_4/junit-4.10-javadoc.jar" />
    <property name="libs.EclipseLink-GlassFish-v3.maven-pom" value="" />
    <property name="libs.javaee-web-api-6.0.maven-pom" value="" />
    <property name="j2ee.deploy.on.save" value="false" />
    <property name="jna.boot.library.name" value="jnidispatch-410" />
    <property name="libs.javaee-endorsed-api-6.0.javadoc" value="C:/Users/Juan/Documents/Proyectos/QicFixSystem/lib/javaee-endorsed-api-6.0/javaee-doc-api.jar" />
    <property name="libs.javaee-api-7.0.classpath" value="C:\Program Files\NetBeans 8.1\enterprise\modules\ext\javaee-api-7.0.jar" />
    <property name="sun.awt.datatransfer.timeout" value="1000" />
    <property name="libs.spring-webmvc3.0.javadoc" value="" />
    <property name="libs.jpa2-persistence.maven-pom" value="" />
    <property name="annotation.processing.enabled.in.editor" value="true" />
    <property name="libs.hibernate4-support.classpath" value="C:\Program Files\NetBeans 8.1\java\modules\ext\hibernate4\antlr-2.7.7.jar;C:\Program Files\NetBeans 8.1\java\modules\ext\hibernate4\c3p0-0.9.2.1.jar;C:\Program Files\NetBeans 8.1\java\modules\ext\hibernate4\hibernate-c3p0-4.3.1.Final.jar;C:\Program Files\NetBeans 8.1\java\modules\ext\hibernate4\mchange-commons-java-0.2.3.4.jar;C:\Program Files\NetBeans 8.1\java\modules\ext\hibernate4\dom4j-1.6.1.jar;C:\Program Files\NetBeans 8.1\java\modules\ext\hibernate4\ehcache-core-2.4.3.jar;C:\Program Files\NetBeans 8.1\java\modules\ext\hibernate4\hibernate-ehcache-4.3.1.Final.jar;C:\Program Files\NetBeans 8.1\java\modules\ext\hibernate4\hibernate-core-4.3.1.Final.jar;C:\Program Files\NetBeans 8.1\java\modules\ext\hibernate4\jboss-logging-3.1.3.GA.jar;C:\Program Files\NetBeans 8.1\java\modules\ext\hibernate4\hibernate-commons-annotations-4.0.4.Final.jar;C:\Program Files\NetBeans 8.1\java\modules\ext\hibernate4\hibernate-entitymanager-4.3.1.Final.jar;C:\Program Files\NetBeans 8.1\java\modules\ext\hibernate4\javassist-3.18.1-GA.jar;C:\Program Files\NetBeans 8.1\java\modules\ext\hibernate4\jboss-transaction-api_1.2_spec-1.0.0.Final.jar;C:\Program Files\NetBeans 8.1\java\modules\ext\hibernate4\slf4j-api-1.6.1.jar;C:\Program Files\NetBeans 8.1\java\modules\ext\hibernate4\slf4j-simple-1.6.1.jar" />
    <property name="nb.native.filechooser" value="false" />
    <property name="libs.restapi.src" value="" />
    <property name="sun.management.compiler" value="HotSpot 64-Bit Tiered Compilers" />
    <property name="libs.j2me_common_ant.javadoc" value="" />
    <property name="javac.deprecation" value="false" />
    <property name="javadoc.use" value="true" />
    <property name="client.urlPart" value="" />
    <property name="sun.java2d.noddraw" value="true" />
    <property name="libs.jsp-compiler.classpath" value="C:\Program Files\NetBeans 8.1\enterprise\ant\extra\jspcompile.jar" />
    <property name="dist.ear.war" value="dist/QicFixSystem.war" />
    <property name="javac.processorpath" value="C:/Users/Juan/Documents/Proyectos/QicFixSystem/lib/restapi/javax.ws.rs-api-2.0.jar:C:/Users/Juan/Documents/Proyectos/QicFixSystem/lib/restlib/asm-all-repackaged-2.2.0-b21.jar;C:/Users/Juan/Documents/Proyectos/QicFixSystem/lib/restlib/cglib-2.2.0-b21.jar;C:/Users/Juan/Documents/Proyectos/QicFixSystem/lib/restlib/guava-14.0.1.jar;C:/Users/Juan/Documents/Proyectos/QicFixSystem/lib/restlib/hk2-api-2.2.0-b21.jar;C:/Users/Juan/Documents/Proyectos/QicFixSystem/lib/restlib/hk2-locator-2.2.0-b21.jar;C:/Users/Juan/Documents/Proyectos/QicFixSystem/lib/restlib/hk2-utils-2.2.0-b21.jar;C:/Users/Juan/Documents/Proyectos/QicFixSystem/lib/restlib/javax.annotation-api-1.2.jar;C:/Users/Juan/Documents/Proyectos/QicFixSystem/lib/restlib/javax.inject-2.2.0-b21.jar;C:/Users/Juan/Documents/Proyectos/QicFixSystem/lib/restlib/javax.servlet-api-3.0.1.jar;C:/Users/Juan/Documents/Proyectos/QicFixSystem/lib/restlib/jaxb-api-2.2.7.jar;C:/Users/Juan/Documents/Proyectos/QicFixSystem/lib/restlib/jersey-entity-filtering-2.5.1.jar;C:/Users/Juan/Documents/Proyectos/QicFixSystem/lib/restlib/jersey-media-moxy-2.5.1.jar;C:/Users/Juan/Documents/Proyectos/QicFixSystem/lib/restlib/org.osgi.core-4.2.0.jar;C:/Users/Juan/Documents/Proyectos/QicFixSystem/lib/restlib/osgi-resource-locator-1.0.1.jar;C:/Users/Juan/Documents/Proyectos/QicFixSystem/lib/restlib/persistence-api-1.0.jar;C:/Users/Juan/Documents/Proyectos/QicFixSystem/lib/restlib/validation-api-1.1.0.Final.jar;C:/Users/Juan/Documents/Proyectos/QicFixSystem/lib/restlib/jersey-client.jar;C:/Users/Juan/Documents/Proyectos/QicFixSystem/lib/restlib/jersey-common.jar;C:/Users/Juan/Documents/Proyectos/QicFixSystem/lib/restlib/jersey-container-servlet.jar;C:/Users/Juan/Documents/Proyectos/QicFixSystem/lib/restlib/jersey-container-servlet-core.jar;C:/Users/Juan/Documents/Proyectos/QicFixSystem/lib/restlib/jersey-server.jar;C:/Users/Juan/Documents/Proyectos/QicFixSystem/lib/restlib/eclipselink.jar:lib\mysql-connector-java-5.1.38-bin.jar:lib\gson-2.6.2.jar:lib\javax.websocket-api-1.0-rc4.jar:lib\mockito-all-1.10.19.jar" />
    <property name="libs.hamcrest.maven-pom" value="" />
    <property name="javac.compilerargs" value="-Xlint:unchecked" />
    <property name="ant.file" value="C:\Users\Juan\Documents\Proyectos\QicFixSystem\build.xml" />
    <property name="libs.beans-binding.maven-pom" value="" />
    <property name="libs.hibernate4-support.javadoc" value="C:\Program Files\NetBeans 8.1\java\modules\ext\docs\javax.persistence-2.1.0-doc.zip" />
    <property name="libs.jsf12.classpath" value="C:\Program Files\NetBeans 8.1\enterprise\modules\ext\jsf-1_2\commons-beanutils.jar;C:\Program Files\NetBeans 8.1\enterprise\modules\ext\jsf-1_2\commons-collections.jar;C:\Program Files\NetBeans 8.1\enterprise\modules\ext\jsf-1_2\commons-digester.jar;C:\Program Files\NetBeans 8.1\enterprise\modules\ext\jsf-1_2\commons-logging.jar;C:\Program Files\NetBeans 8.1\enterprise\modules\ext\jsf-1_2\jsf-api.jar;C:\Program Files\NetBeans 8.1\enterprise\modules\ext\jsf-1_2\jsf-impl.jar" />
    <property name="libs.Java-EE-GlassFish-v3-Prelude.classpath" value="C:\Program Files\glassfish-3.1.2.2\glassfish\modules\endorsed\javax.annotation.jar;C:\Program Files\glassfish-3.1.2.2\glassfish\modules\endorsed\jaxb-api-osgi.jar;C:\Program Files\glassfish-3.1.2.2\glassfish\modules\endorsed\webservices-api-osgi.jar;C:\Program Files\glassfish-3.1.2.2\glassfish\modules\bean-validator.jar;C:\Program Files\glassfish-3.1.2.2\glassfish\modules\javax.ejb.jar;C:\Program Files\glassfish-3.1.2.2\glassfish\modules\javax.el-api.jar;C:\Program Files\glassfish-3.1.2.2\glassfish\modules\javax.el.jar;C:\Program Files\glassfish-3.1.2.2\glassfish\modules\javax.enterprise.deploy.jar;C:\Program Files\glassfish-3.1.2.2\glassfish\modules\javax.faces.jar;C:\Program Files\glassfish-3.1.2.2\glassfish\modules\javax.jms.jar;C:\Program Files\glassfish-3.1.2.2\glassfish\modules\javax.mail.jar;C:\Program Files\glassfish-3.1.2.2\glassfish\modules\javax.management.j2ee.jar;C:\Program Files\glassfish-3.1.2.2\glassfish\modules\javax.persistence.jar;C:\Program Files\glassfish-3.1.2.2\glassfish\modules\javax.resource.jar;C:\Program Files\glassfish-3.1.2.2\glassfish\modules\javax.security.auth.message.jar;C:\Program Files\glassfish-3.1.2.2\glassfish\modules\javax.security.jacc.jar;C:\Program Files\glassfish-3.1.2.2\glassfish\modules\javax.servlet-api.jar;C:\Program Files\glassfish-3.1.2.2\glassfish\modules\javax.servlet.jsp-api.jar;C:\Program Files\glassfish-3.1.2.2\glassfish\modules\javax.servlet.jsp.jar;C:\Program Files\glassfish-3.1.2.2\glassfish\modules\javax.servlet.jsp.jstl-api.jar;C:\Program Files\glassfish-3.1.2.2\glassfish\modules\javax.servlet.jsp.jstl.jar;C:\Program Files\glassfish-3.1.2.2\glassfish\modules\javax.transaction.jar;C:\Program Files\glassfish-3.1.2.2\glassfish\modules\jaxb-osgi.jar;C:\Program Files\glassfish-3.1.2.2\glassfish\modules\jersey-core.jar;C:\Program Files\glassfish-3.1.2.2\glassfish\modules\webservices-osgi.jar;C:\Program Files\glassfish-3.1.2.2\glassfish\modules\weld-osgi-bundle.jar;C:\Program Files\glassfish-3.1.2.2\mq\lib\jaxm-api.jar" />
    <property name="has.custom.manifest" value="true" />
    <property name="libs.jstl.maven-pom" value="" />
    <property name="libs.restapi.maven-pom" value="" />
    <property name="libs.beans-binding.src" value="" />
    <property name="java.vm.specification.vendor" value="Oracle Corporation" />
    <property name="libs.DataBindingME-PIM.javadoc" value="C:\Program Files\NetBeans 8.1\mobility\modules\docs\netbeans_databindingme_pim-api.zip" />
    <property name="libs.swing-layout.src" value="C:\Program Files\NetBeans 8.1\platform\docs\swing-layout-1.0.4-src.zip" />
    <property name="org.openide.major.version" value="IDE/1" />
    <property name="java.vm.name" value="Java HotSpot(TM) 64-Bit Server VM" />
    <property name="do.display.browser.debug" value="true" />
    <property name="netbeans.user" value="C:\Users\Juan\AppData\Roaming\NetBeans\8.1" />
    <property name="javadoc.additionalparam" value="" />
    <property name="java.io.tmpdir" value="C:\Users\Juan\AppData\Local\Temp\" />
    <property name="java.vendor.url" value="http://java.oracle.com/" />
    <property name="endorsed.classpath.cmd.line.arg" value="-Xbootclasspath/p:&apos;C:\Users\Juan\Documents\Proyectos\QicFixSystem\lib\javaee-endorsed-api-6.0\javax.annotation.jar;C:\Users\Juan\Documents\Proyectos\QicFixSystem\lib\javaee-endorsed-api-6.0\jaxb-api-osgi.jar;C:\Users\Juan\Documents\Proyectos\QicFixSystem\lib\javaee-endorsed-api-6.0\webservices-api-osgi.jar&apos;" />
    <property name="junit.available" value="true" />
    <property name="libraries.basename" value="nblibraries" />
    <property name="compile.jsps" value="false" />
    <property name="libs.jsp-compiler.src" value="" />
    <property name="deploy.ant.properties.file" value="C:\Users\Juan\AppData\Roaming\NetBeans\8.1\tomcat70.properties" />
    <property name="sun.boot.library.path" value="C:\Program Files\Java\jdk1.8.0_31\jre\bin" />
    <property name="have.sources" value="true" />
    <property name="libs.hamcrest.javadoc" value="" />
    <property name="debug.classpath" value="build/web/WEB-INF/classes:C:/Users/Juan/Documents/Proyectos/QicFixSystem/lib/restapi/javax.ws.rs-api-2.0.jar:C:/Users/Juan/Documents/Proyectos/QicFixSystem/lib/restlib/asm-all-repackaged-2.2.0-b21.jar;C:/Users/Juan/Documents/Proyectos/QicFixSystem/lib/restlib/cglib-2.2.0-b21.jar;C:/Users/Juan/Documents/Proyectos/QicFixSystem/lib/restlib/guava-14.0.1.jar;C:/Users/Juan/Documents/Proyectos/QicFixSystem/lib/restlib/hk2-api-2.2.0-b21.jar;C:/Users/Juan/Documents/Proyectos/QicFixSystem/lib/restlib/hk2-locator-2.2.0-b21.jar;C:/Users/Juan/Documents/Proyectos/QicFixSystem/lib/restlib/hk2-utils-2.2.0-b21.jar;C:/Users/Juan/Documents/Proyectos/QicFixSystem/lib/restlib/javax.annotation-api-1.2.jar;C:/Users/Juan/Documents/Proyectos/QicFixSystem/lib/restlib/javax.inject-2.2.0-b21.jar;C:/Users/Juan/Documents/Proyectos/QicFixSystem/lib/restlib/javax.servlet-api-3.0.1.jar;C:/Users/Juan/Documents/Proyectos/QicFixSystem/lib/restlib/jaxb-api-2.2.7.jar;C:/Users/Juan/Documents/Proyectos/QicFixSystem/lib/restlib/jersey-entity-filtering-2.5.1.jar;C:/Users/Juan/Documents/Proyectos/QicFixSystem/lib/restlib/jersey-media-moxy-2.5.1.jar;C:/Users/Juan/Documents/Proyectos/QicFixSystem/lib/restlib/org.osgi.core-4.2.0.jar;C:/Users/Juan/Documents/Proyectos/QicFixSystem/lib/restlib/osgi-resource-locator-1.0.1.jar;C:/Users/Juan/Documents/Proyectos/QicFixSystem/lib/restlib/persistence-api-1.0.jar;C:/Users/Juan/Documents/Proyectos/QicFixSystem/lib/restlib/validation-api-1.1.0.Final.jar;C:/Users/Juan/Documents/Proyectos/QicFixSystem/lib/restlib/jersey-client.jar;C:/Users/Juan/Documents/Proyectos/QicFixSystem/lib/restlib/jersey-common.jar;C:/Users/Juan/Documents/Proyectos/QicFixSystem/lib/restlib/jersey-container-servlet.jar;C:/Users/Juan/Documents/Proyectos/QicFixSystem/lib/restlib/jersey-container-servlet-core.jar;C:/Users/Juan/Documents/Proyectos/QicFixSystem/lib/restlib/jersey-server.jar;C:/Users/Juan/Documents/Proyectos/QicFixSystem/lib/restlib/eclipselink.jar:lib\mysql-connector-java-5.1.38-bin.jar:lib\gson-2.6.2.jar:lib\javax.websocket-api-1.0-rc4.jar:lib\mockito-all-1.10.19.jar" />
    <property name="war.name" value="QicFixSystem.war" />
    <property name="javadoc.private" value="false" />
    <property name="test.src.dir" value="test" />
    <property name="libs.jsf20.classpath" value="C:\Program Files\NetBeans 8.1\enterprise\modules\ext\jsf-2_2\javax.faces.jar" />
    <property name="ap.processors.internal" value="" />
    <property name="javadoc.encoding.used" value="UTF-8" />
    <property name="libs.DataBindingME-SVG.src" value="C:\Program Files\NetBeans 8.1\mobility\sources\netbeans_databindingme_svg-src.zip" />
    <property name="libs.spring-framework400.maven-pom" value="" />
    <property name="java.runtime.name" value="Java(TM) SE Runtime Environment" />
    <property name="ant.project.name" value="QicFixSystem" />
    <property name="netbeans.hash.code" value="unique=NB_CND_EXTIDE_GFMOD_GROOVY_JAVA_JC_MOB_PHP_WEBCOMMON_WEBEE0a0a30f9e-b14b-4a59-8a6e-4a5f408f7efc_16253c7f-e4e7-49ab-b41a-5592dd7bd0bd" />
    <property name="libs.jsp-compilation-syscp.maven-pom" value="" />
    <property name="netbeans.default_userdir_root" value="C:\Users\Juan\AppData\Roaming\NetBeans" />
    <property name="sun.cpu.isalist" value="amd64" />
    <property name="libs.CopyLibs.javadoc" value="" />
    <property name="libs.spring-framework400.javadoc" value="" />
    <property name="org.openide.specification.version" value="6.2" />
    <property name="j2ee.server.home" value="C:/Program Files/Apache Software Foundation/apache-tomcat-7.0.40" />
    <property name="libs.DataBindingME-PIM.classpath" value="C:\Program Files\NetBeans 8.1\mobility\modules\ext\netbeans_databindingme_pim.jar" />
    <property name="user.home" value="C:\Users\Juan" />
    <property name="annotation.processing.processors.list" value="" />
    <property name="debug-args-line" value="-Xdebug" />
    <property name="libs.primefaces.maven-pom" value="" />
    <property name="auxiliary.org-netbeans-modules-web-clientproject-api.js_2e_libs_2e_folder" value="js" />
    <property name="libs.javaee-api-6.0.maven-pom" value="" />
    <property name="libs.JWSAntTasks.src" value="" />
    <property name="libs.CopyLibs.maven-pom" value="" />
    <property name="libs.absolutelayout.javadoc" value="" />
    <property name="libs.spring-framework300.javadoc" value="" />
    <property name="java.specification.name" value="Java Platform API Specification" />
    <property name="nu.validator.spec.microsyntax-descriptions" value="jar:file:/C:/Program%20Files/NetBeans%208.1/ide/modules/ext/validator.jar!/nu/validator/localentities/files/wiki_whatwg_org_wiki_MicrosyntaxDescriptions" />
    <property name="no.dist.ear.dir" value="true" />
    <property name="libs.CopyLibs.prop-version" value="2.0" />
    <property name="libraries.dir" value="C:/Users/Juan/Documents/Proyectos/QicFixSystem/lib" />
    <property name="auxiliary.org-netbeans-modules-css-prep.sass_2e_compiler_2e_options" value="" />
    <property name="java.specification.vendor" value="Oracle Corporation" />
    <property name="libs.javac-api.classpath" value="C:\Program Files\NetBeans 8.1\java\modules\ext\nb-javac-api.jar" />
    <property name="java.version" value="1.8.0_31" />
    <property name="run.jvmargs.ide" value="" />
    <property name="javadoc.version" value="false" />
    <property name="libs.MySQLDriver.javadoc" value="" />
    <property name="org.openide.version" value="deprecated" />
    <property name="source.encoding" value="UTF-8" />
    <property name="ap.cmd.line.internal" value="" />
    <property name="libs.eclipselinkmodelgen.maven-pom" value="" />
    <property name="libs.jsp-compilation-syscp.javadoc" value="" />
    <property name="libs.javaee-endorsed-api-7.0.classpath" value="C:\Program Files\NetBeans 8.1\enterprise\modules\ext\javaee7-endorsed\javax.annotation-api.jar;C:\Program Files\NetBeans 8.1\enterprise\modules\ext\javaee7-endorsed\javax.xml.soap-api.jar;C:\Program Files\NetBeans 8.1\enterprise\modules\ext\javaee7-endorsed\jaxb-api-osgi.jar;C:\Program Files\NetBeans 8.1\enterprise\modules\ext\javaee7-endorsed\jaxws-api.jar;C:\Program Files\NetBeans 8.1\enterprise\modules\ext\javaee7-endorsed\jsr181-api.jar" />
    <property name="libs.eclipselinkmodelgen.javadoc" value="" />
    <property name="libs.metro.javadoc" value="C:\Program Files\NetBeans 8.1\enterprise\docs\metro-1.4-doc.zip" />
    <property name="libs.struts.maven-pom" value="" />
    <property name="netbeans.home+have.tests" value="true" />
    <property name="libs.testng.maven-pom" value="" />
    <property name="libs.jaxb.src" value="" />
    <property name="ant.file.QicFixSystem-impl" value="C:\Users\Juan\Documents\Proyectos\QicFixSystem\nbproject\build-impl.xml" />
    <property name="libs.jaxb.classpath" value="C:\Program Files\NetBeans 8.1\ide\modules\ext\jaxb\jaxb-impl.jar;C:\Program Files\NetBeans 8.1\ide\modules\ext\jaxb\jaxb-xjc.jar;C:\Program Files\NetBeans 8.1\ide\modules\ext\jaxb\jaxb1-impl.jar;C:\Program Files\NetBeans 8.1\ide\modules\ext\jaxb\activation.jar;C:\Program Files\NetBeans 8.1\ide\modules\ext\jaxb\api\jaxb-api.jar;C:\Program Files\NetBeans 8.1\ide\modules\ext\jaxb\api\jsr173_1.0_api.jar" />
    <property name="php.global.include.path" value="" />
    <property name="dist.javadoc.dir" value="dist/javadoc" />
    <property name="libs.j2me_common_ant.classpath" value="C:\Program Files\NetBeans 8.1\mobility\modules\org-netbeans-modules-j2me-common-ant.jar;C:\Program Files\NetBeans 8.1\java\modules\org-netbeans-modules-classfile.jar" />
    <property name="libs.spring-webmvc3.0.classpath" value="C:\Program Files\NetBeans 8.1\java\modules\ext\spring-3.0\spring-webmvc-3.2.7.RELEASE.jar" />
    <property name="libs.swing-layout.classpath" value="C:\Program Files\NetBeans 8.1\platform\modules\ext\swing-layout-1.0.4.jar" />
    <property name="jspc.dtds" value="/resources/dtds/" />
    <property name="libs.javaee-web-api-7.0.maven-pom" value="" />
    <property name="libs.restlib.src" value="" />
    <property name="build.generated.dir" value="build/generated" />
    <property name="libs.JasperReports.maven-pom" value="" />
    <property name="javac.source" value="1.6" />
    <property name="ant.file.QicFixSystem" value="C:\Users\Juan\Documents\Proyectos\QicFixSystem\build.xml" />
    <property name="line.separator" value="&#xd;&#xa;" />
    <property name="java.specification.version" value="1.8" />
    <property name="libraries.path" value="C:\Users\Juan\Documents\Proyectos\QicFixSystem\lib\nblibraries.properties" />
    <property name="java.vm.info" value="mixed mode" />
    <property name="libs.jaxws21.maven-pom" value="" />
    <property name="nb.junit.batch" value="true" />
    <property name="auxiliary.org-netbeans-modules-css-prep.sass_2e_enabled" value="false" />
    <property name="sun.boot.class.path" value="C:\Users\Juan\Documents\Proyectos\QicFixSystem\lib\javaee-endorsed-api-6.0\javax.annotation.jar;C:\Users\Juan\Documents\Proyectos\QicFixSystem\lib\javaee-endorsed-api-6.0\jaxb-api-osgi.jar;C:\Users\Juan\Documents\Proyectos\QicFixSystem\lib\javaee-endorsed-api-6.0\webservices-api-osgi.jar;C:\Program Files\Java\jdk1.8.0_31\jre\lib\resources.jar;C:\Program Files\Java\jdk1.8.0_31\jre\lib\rt.jar;C:\Program Files\Java\jdk1.8.0_31\jre\lib\sunrsasign.jar;C:\Program Files\Java\jdk1.8.0_31\jre\lib\jsse.jar;C:\Program Files\Java\jdk1.8.0_31\jre\lib\jce.jar;C:\Program Files\Java\jdk1.8.0_31\jre\lib\charsets.jar;C:\Program Files\Java\jdk1.8.0_31\jre\lib\jfr.jar;C:\Program Files\Java\jdk1.8.0_31\jre\classes" />
    <property name="javac.target" value="1.6" />
    <property name="libs.javaee-endorsed-api-6.0.displayName" value="Java EE 6 Endorsed API Library" />
    <property name="build.test.classes.dir" value="build/test/classes" />
    <property name="src.dir" value="src/java" />
    <property name="sun.awt.keepWorkingSetOnMinimize" value="true" />
    <property name="libs.jpa2-persistence.src" value="" />
    <property name="annotation.processing.enabled" value="true" />
    <property name="libs.jsf20.src" value="" />
    <property name="libs.jpa20-persistence.src" value="" />
    <property name="libs.jsf12.src" value="" />
    <property name="libs.DataBindingME-SVG.maven-pom" value="" />
    <property name="j2ee.platform" value="1.6-web" />
    <property name="libs.JAVADB_DRIVER_LABEL.maven-pom" value="" />
    <property name="libs.junit.prop-maven-dependencies" value="junit:junit:3.8.2:jar" />
    <property name="libs.struts.javadoc" value="C:\Program Files\NetBeans 8.1\enterprise\docs\struts-1.3.10-javadoc.zip" />
    <property name="rest.config.type" value="ide" />
    <property name="libs.Comet-GlassFish-v3.classpath" value="C:\Program Files\glassfish-3.1.2.2\glassfish\modules\grizzly-comet.jar" />
    <property name="libs.javaee-web-api-7.0.src" value="" />
    <property name="web.docbase.dir" value="web" />
    <property name="libs.primefaces.src" value="" />
    <property name="dist.dir" value="dist" />
    <property name="libs.groovy-all.javadoc" value="" />
    <property name="testng.debug.mode" value="" />
    <property name="libs.groovy-all.classpath" value="C:\Program Files\NetBeans 8.1\groovy\modules\ext\groovy-all.jar" />
    <property name="javac.fork" value="false" />
    <property name="java.awt.printerjob" value="sun.awt.windows.WPrinterJob" />
    <property name="default.javac.source" value="1.8" />
    <property name="platforms.JDK_1.7.compiler" value="modern" />
    <property name="debug-transport-by-os" value="dt_shmem" />
    <property name="libs.MySQLDriver.src" value="" />
    <property name="sun.jnu.encoding" value="Cp1252" />
    <property name="platforms.JDK_1.7.bootclasspath" value="C:\Program Files\Java\jdk1.7.0_79\jre\lib\resources.jar;C:\Program Files\Java\jdk1.7.0_79\jre\lib\rt.jar;C:\Program Files\Java\jdk1.7.0_79\jre\lib\sunrsasign.jar;C:\Program Files\Java\jdk1.7.0_79\jre\lib\jsse.jar;C:\Program Files\Java\jdk1.7.0_79\jre\lib\jce.jar;C:\Program Files\Java\jdk1.7.0_79\jre\lib\charsets.jar;C:\Program Files\Java\jdk1.7.0_79\jre\lib\jfr.jar;C:\Program Files\Java\jdk1.7.0_79\jre\classes;C:\Program Files\Java\jdk1.7.0_79\jre\lib\ext\access-bridge-64.jar;C:\Program Files\Java\jdk1.7.0_79\jre\lib\ext\dnsns.jar;C:\Program Files\Java\jdk1.7.0_79\jre\lib\ext\jaccess.jar;C:\Program Files\Java\jdk1.7.0_79\jre\lib\ext\localedata.jar;C:\Program Files\Java\jdk1.7.0_79\jre\lib\ext\sunec.jar;C:\Program Files\Java\jdk1.7.0_79\jre\lib\ext\sunjce_provider.jar;C:\Program Files\Java\jdk1.7.0_79\jre\lib\ext\sunmscapi.jar;C:\Program Files\Java\jdk1.7.0_79\jre\lib\ext\zipfs.jar" />
    <property name="auxiliary.org-netbeans-modules-css-prep.less_2e_mappings" value="/less:/css" />
    <property name="build.test.results.dir" value="build/test/results" />
    <property name="java.runtime.version" value="1.8.0_31-b13" />
    <property name="default.javac.target" value="1.8" />
    <property name="libs.junit_4.classpath" value="C:/Users/Juan/Documents/Proyectos/QicFixSystem/lib/junit_4/junit-4.10.jar" />
    <property name="user.timezone" value="America/New_York" />
    <property name="nb.junit.single" value="false" />
    <property name="libs.junit_4.displayName" value="JUnit 4.10" />
    <property name="libs.javaee-endorsed-api-6.0.maven-pom" value="" />
    <property name="libs.JAVADB_DRIVER_LABEL.javadoc" value="" />
    <property name="netbeans.dirs" value="C:\Program Files\NetBeans 8.1\nb;C:\Program Files\NetBeans 8.1\ergonomics;C:\Program Files\NetBeans 8.1\ide;C:\Program Files\NetBeans 8.1\extide;C:\Program Files\NetBeans 8.1\java;C:\Program Files\NetBeans 8.1\apisupport;C:\Program Files\NetBeans 8.1\webcommon;C:\Program Files\NetBeans 8.1\websvccommon;C:\Program Files\NetBeans 8.1\enterprise;C:\Program Files\NetBeans 8.1\mobility;C:\Program Files\NetBeans 8.1\profiler;C:\Program Files\NetBeans 8.1\python;C:\Program Files\NetBeans 8.1\php;C:\Program Files\NetBeans 8.1\identity;C:\Program Files\NetBeans 8.1\harness;C:\Program Files\NetBeans 8.1\cnd;C:\Program Files\NetBeans 8.1\cndext;C:\Program Files\NetBeans 8.1\dlight;C:\Program Files\NetBeans 8.1\groovy;C:\Program Files\NetBeans 8.1\extra;C:\Program Files\NetBeans 8.1\javacard;C:\Program Files\NetBeans 8.1\javafx" />
    <property name="libs.jsf20.javadoc" value="C:\Program Files\NetBeans 8.1\enterprise\docs\javaee-doc-api.jar" />
    <property name="libs.jstl.javadoc" value="C:\Program Files\NetBeans 8.1\enterprise\docs\javaee-doc-api.jar" />
    <property name="java.ext.dirs" value="C:\Program Files\Java\jdk1.8.0_31\jre\lib\ext;C:\WINDOWS\Sun\Java\lib\ext" />
    <property name="libs.metro.src" value="" />
    <property name="endorsed.classpath" value="C:/Users/Juan/Documents/Proyectos/QicFixSystem/lib/javaee-endorsed-api-6.0/javax.annotation.jar;C:/Users/Juan/Documents/Proyectos/QicFixSystem/lib/javaee-endorsed-api-6.0/jaxb-api-osgi.jar;C:/Users/Juan/Documents/Proyectos/QicFixSystem/lib/javaee-endorsed-api-6.0/webservices-api-osgi.jar" />
    <property name="libs.absolutelayout.classpath" value="C:\Program Files\NetBeans 8.1\java\modules\ext\AbsoluteLayout.jar" />
    <property name="excludes" value="" />
    <property name="libs.metro.classpath" value="C:\Program Files\NetBeans 8.1\ide\modules\ext\jaxb\activation.jar;C:\Program Files\NetBeans 8.1\enterprise\modules\ext\metro\webservices-api.jar;C:\Program Files\NetBeans 8.1\enterprise\modules\ext\metro\webservices-extra-api.jar;C:\Program Files\NetBeans 8.1\enterprise\modules\ext\metro\webservices-extra.jar;C:\Program Files\NetBeans 8.1\enterprise\modules\ext\metro\webservices-rt.jar;C:\Program Files\NetBeans 8.1\enterprise\modules\ext\metro\webservices-tools.jar" />
    <property name="libs.restlib.maven-pom" value="" />
    <property name="libs.jpa2-persistence.javadoc" value="C:\Program Files\NetBeans 8.1\java\modules\ext\docs\javax.persistence-2.1.0-doc.zip" />
    <property name="libs.DataBindingME.javadoc" value="C:\Program Files\NetBeans 8.1\mobility\modules\docs\netbeans_databindingme-api.zip" />
    <property name="apple.laf.useScreenMenuBar" value="true" />
    <property name="java.class.path" value="C:\Users\Juan\Documents\Proyectos\QicFixSystem\lib\restapi\javax.ws.rs-api-2.0.jar;C:\Users\Juan\Documents\Proyectos\QicFixSystem\lib\restlib\asm-all-repackaged-2.2.0-b21.jar;C:\Users\Juan\Documents\Proyectos\QicFixSystem\lib\restlib\cglib-2.2.0-b21.jar;C:\Users\Juan\Documents\Proyectos\QicFixSystem\lib\restlib\guava-14.0.1.jar;C:\Users\Juan\Documents\Proyectos\QicFixSystem\lib\restlib\hk2-api-2.2.0-b21.jar;C:\Users\Juan\Documents\Proyectos\QicFixSystem\lib\restlib\hk2-locator-2.2.0-b21.jar;C:\Users\Juan\Documents\Proyectos\QicFixSystem\lib\restlib\hk2-utils-2.2.0-b21.jar;C:\Users\Juan\Documents\Proyectos\QicFixSystem\lib\restlib\javax.annotation-api-1.2.jar;C:\Users\Juan\Documents\Proyectos\QicFixSystem\lib\restlib\javax.inject-2.2.0-b21.jar;C:\Users\Juan\Documents\Proyectos\QicFixSystem\lib\restlib\javax.servlet-api-3.0.1.jar;C:\Users\Juan\Documents\Proyectos\QicFixSystem\lib\restlib\jaxb-api-2.2.7.jar;C:\Users\Juan\Documents\Proyectos\QicFixSystem\lib\restlib\jersey-entity-filtering-2.5.1.jar;C:\Users\Juan\Documents\Proyectos\QicFixSystem\lib\restlib\jersey-media-moxy-2.5.1.jar;C:\Users\Juan\Documents\Proyectos\QicFixSystem\lib\restlib\org.osgi.core-4.2.0.jar;C:\Users\Juan\Documents\Proyectos\QicFixSystem\lib\restlib\osgi-resource-locator-1.0.1.jar;C:\Users\Juan\Documents\Proyectos\QicFixSystem\lib\restlib\persistence-api-1.0.jar;C:\Users\Juan\Documents\Proyectos\QicFixSystem\lib\restlib\validation-api-1.1.0.Final.jar;C:\Users\Juan\Documents\Proyectos\QicFixSystem\lib\restlib\jersey-client.jar;C:\Users\Juan\Documents\Proyectos\QicFixSystem\lib\restlib\jersey-common.jar;C:\Users\Juan\Documents\Proyectos\QicFixSystem\lib\restlib\jersey-container-servlet.jar;C:\Users\Juan\Documents\Proyectos\QicFixSystem\lib\restlib\jersey-container-servlet-core.jar;C:\Users\Juan\Documents\Proyectos\QicFixSystem\lib\restlib\jersey-server.jar;C:\Users\Juan\Documents\Proyectos\QicFixSystem\lib\restlib\eclipselink.jar;C:\Users\Juan\Documents\Proyectos\QicFixSystem\lib\mysql-connector-java-5.1.38-bin.jar;C:\Users\Juan\Documents\Proyectos\QicFixSystem\lib\gson-2.6.2.jar;C:\Users\Juan\Documents\Proyectos\QicFixSystem\lib\javax.websocket-api-1.0-rc4.jar;C:\Users\Juan\Documents\Proyectos\QicFixSystem\lib\mockito-all-1.10.19.jar;C:\Users\Juan\Documents\Proyectos\QicFixSystem\build\web\WEB-INF\classes;C:\Users\Juan\Documents\Proyectos\QicFixSystem\lib\junit_4\junit-4.10.jar;C:\Users\Juan\Documents\Proyectos\QicFixSystem\build\test\classes;C:\Program Files\Apache Software Foundation\apache-tomcat-7.0.40\lib\annotations-api.jar;C:\Program Files\Apache Software Foundation\apache-tomcat-7.0.40\lib\catalina-ant.jar;C:\Program Files\Apache Software Foundation\apache-tomcat-7.0.40\lib\catalina-ha.jar;C:\Program Files\Apache Software Foundation\apache-tomcat-7.0.40\lib\catalina-tribes.jar;C:\Program Files\Apache Software Foundation\apache-tomcat-7.0.40\lib\catalina.jar;C:\Program Files\Apache Software Foundation\apache-tomcat-7.0.40\lib\ecj-4.2.2.jar;C:\Program Files\Apache Software Foundation\apache-tomcat-7.0.40\lib\el-api.jar;C:\Program Files\Apache Software Foundation\apache-tomcat-7.0.40\lib\jasper-el.jar;C:\Program Files\Apache Software Foundation\apache-tomcat-7.0.40\lib\jasper.jar;C:\Program Files\Apache Software Foundation\apache-tomcat-7.0.40\lib\jsp-api.jar;C:\Program Files\Apache Software Foundation\apache-tomcat-7.0.40\lib\servlet-api.jar;C:\Program Files\Apache Software Foundation\apache-tomcat-7.0.40\lib\tomcat-api.jar;C:\Program Files\Apache Software Foundation\apache-tomcat-7.0.40\lib\tomcat-coyote.jar;C:\Program Files\Apache Software Foundation\apache-tomcat-7.0.40\lib\tomcat-dbcp.jar;C:\Program Files\Apache Software Foundation\apache-tomcat-7.0.40\lib\tomcat-i18n-es.jar;C:\Program Files\Apache Software Foundation\apache-tomcat-7.0.40\lib\tomcat-i18n-fr.jar;C:\Program Files\Apache Software Foundation\apache-tomcat-7.0.40\lib\tomcat-i18n-ja.jar;C:\Program Files\Apache Software Foundation\apache-tomcat-7.0.40\lib\tomcat-jdbc.jar;C:\Program Files\Apache Software Foundation\apache-tomcat-7.0.40\lib\tomcat-util.jar;C:\Program Files\NetBeans 8.1\extide\ant\lib\ant-launcher.jar;C:\Program Files\NetBeans 8.1\extide\ant\lib\ant.jar;C:\Program Files\NetBeans 8.1\extide\ant\lib\ant-junit.jar;C:\Program Files\NetBeans 8.1\extide\ant\lib\ant-junit4.jar" />
    <property name="libs.absolutelayout.src" value="" />
    <property name="libs.jpa20-persistence.classpath" value="C:\Program Files\NetBeans 8.1\java\modules\ext\eclipselink\javax.persistence_2.1.0.v201304241213.jar" />
    <property name="j2ee.server.type" value="Tomcat" />
    <property name="os.version" value="6.3" />
    <property name="libs.EclipseLink-GlassFish-v3.javadoc" value="C:\Program Files\NetBeans 8.1\enterprise\docs\javaee-doc-api.jar" />
    <property name="libs.javaee-api-7.0.maven-pom" value="" />
    <property name="sun.awt.enableExtraMouseButtons" value="true" />
    <property name="sun.desktop" value="windows" />
    <property name="libs.hibernate4-persistence.src" value="" />
    <property name="libs.hibernate4-support.maven-pom" value="" />
    <property name="libs.Comet-GlassFish-v3.src" value="" />
    <property name="war.content.additional" value="" />
    <property name="libs.restlib.javadoc" value="" />
    <property name="ant.file.QicFixSystem-rest-build" value="C:\Users\Juan\Documents\Proyectos\QicFixSystem\nbproject\rest-build.xml" />
    <property name="j2ee.platform.embeddableejb.classpath" value="" />
    <property name="nb.internal.action.name" value="run.single" />
    <property name="libs.JAXB-ENDORSED.classpath" value="C:\Program Files\NetBeans 8.1\ide\modules\ext\jaxb\api\jaxb-api.jar" />
    <property name="forceRedeploy" value="false" />
    <property name="libs.eclipselink.classpath" value="C:\Program Files\NetBeans 8.1\java\modules\ext\eclipselink\eclipselink.jar;C:\Program Files\NetBeans 8.1\java\modules\ext\eclipselink\javax.persistence_2.1.0.v201304241213.jar;C:\Program Files\NetBeans 8.1\java\modules\ext\eclipselink\org.eclipse.persistence.jpa.jpql_2.5.2.v20140319-9ad6abd.jar" />
    <property name="libs.javaee-api-7.0.javadoc" value="C:\Program Files\NetBeans 8.1\enterprise\docs\javaee-doc-api.jar" />
    <property name="libs.beans-binding.javadoc" value="C:\Program Files\NetBeans 8.1\java\docs\beansbinding-1.2.1-doc.zip" />
    <property name="java.awt.graphicsenv" value="sun.awt.Win32GraphicsEnvironment" />
    <property name="libs.junit.displayName" value="JUnit 3.8.2" />
    <property name="java.vm.vendor" value="Oracle Corporation" />
    <property name="libs.CopyLibs.classpath" value="C:/Users/Juan/Documents/Proyectos/QicFixSystem/lib/CopyLibs/org-netbeans-modules-java-j2seproject-copylibstask.jar" />
    <property name="libs.spring-framework300.classpath" value="C:\Program Files\NetBeans 8.1\ide\modules\org-apache-commons-logging.jar;C:\Program Files\NetBeans 8.1\java\modules\ext\cglib-2.2.jar;C:\Program Files\NetBeans 8.1\java\modules\ext\spring-3.0\spring-aop-3.2.7.RELEASE.jar;C:\Program Files\NetBeans 8.1\java\modules\ext\spring-3.0\spring-aspects-3.2.7.RELEASE.jar;C:\Program Files\NetBeans 8.1\java\modules\ext\spring-3.0\spring-beans-3.2.7.RELEASE.jar;C:\Program Files\NetBeans 8.1\java\modules\ext\spring-3.0\spring-build-src-3.2.7.RELEASE.jar;C:\Program Files\NetBeans 8.1\java\modules\ext\spring-3.0\spring-context-3.2.7.RELEASE.jar;C:\Program Files\NetBeans 8.1\java\modules\ext\spring-3.0\spring-context-support-3.2.7.RELEASE.jar;C:\Program Files\NetBeans 8.1\java\modules\ext\spring-3.0\spring-core-3.2.7.RELEASE.jar;C:\Program Files\NetBeans 8.1\java\modules\ext\spring-3.0\spring-expression-3.2.7.RELEASE.jar;C:\Program Files\NetBeans 8.1\java\modules\ext\spring-3.0\spring-framework-bom-3.2.7.RELEASE.jar;C:\Program Files\NetBeans 8.1\java\modules\ext\spring-3.0\spring-instrument-3.2.7.RELEASE.jar;C:\Program Files\NetBeans 8.1\java\modules\ext\spring-3.0\spring-instrument-tomcat-3.2.7.RELEASE.jar;C:\Program Files\NetBeans 8.1\java\modules\ext\spring-3.0\spring-jdbc-3.2.7.RELEASE.jar;C:\Program Files\NetBeans 8.1\java\modules\ext\spring-3.0\spring-jms-3.2.7.RELEASE.jar;C:\Program Files\NetBeans 8.1\java\modules\ext\spring-3.0\spring-orm-3.2.7.RELEASE.jar;C:\Program Files\NetBeans 8.1\java\modules\ext\spring-3.0\spring-oxm-3.2.7.RELEASE.jar;C:\Program Files\NetBeans 8.1\java\modules\ext\spring-3.0\spring-struts-3.2.7.RELEASE.jar;C:\Program Files\NetBeans 8.1\java\modules\ext\spring-3.0\spring-test-3.2.7.RELEASE.jar;C:\Program Files\NetBeans 8.1\java\modules\ext\spring-3.0\spring-tx-3.2.7.RELEASE.jar;C:\Program Files\NetBeans 8.1\java\modules\ext\spring-3.0\spring-web-3.2.7.RELEASE.jar;C:\Program Files\NetBeans 8.1\java\modules\ext\spring-3.0\spring-webmvc-3.2.7.RELEASE.jar;C:\Program Files\NetBeans 8.1\java\modules\ext\spring-3.0\spring-webmvc-portlet-3.2.7.RELEASE.jar" />
    <property name="libs.jsp-compiler.maven-pom" value="" />
    <property name="libs.hamcrest.src" value="" />
    <property name="libs.hibernate4-persistence.classpath" value="C:\Program Files\NetBeans 8.1\java\modules\ext\hibernate4\antlr-2.7.7.jar;C:\Program Files\NetBeans 8.1\java\modules\ext\hibernate4\c3p0-0.9.2.1.jar;C:\Program Files\NetBeans 8.1\java\modules\ext\hibernate4\hibernate-c3p0-4.3.1.Final.jar;C:\Program Files\NetBeans 8.1\java\modules\ext\hibernate4\mchange-commons-java-0.2.3.4.jar;C:\Program Files\NetBeans 8.1\java\modules\ext\hibernate4\dom4j-1.6.1.jar;C:\Program Files\NetBeans 8.1\java\modules\ext\hibernate4\ehcache-core-2.4.3.jar;C:\Program Files\NetBeans 8.1\java\modules\ext\hibernate4\hibernate-ehcache-4.3.1.Final.jar;C:\Program Files\NetBeans 8.1\java\modules\ext\hibernate4\hibernate-core-4.3.1.Final.jar;C:\Program Files\NetBeans 8.1\java\modules\ext\hibernate4\jboss-logging-3.1.3.GA.jar;C:\Program Files\NetBeans 8.1\java\modules\ext\hibernate4\hibernate-commons-annotations-4.0.4.Final.jar;C:\Program Files\NetBeans 8.1\java\modules\ext\hibernate4\hibernate-entitymanager-4.3.1.Final.jar;C:\Program Files\NetBeans 8.1\java\modules\ext\hibernate4\javassist-3.18.1-GA.jar;C:\Program Files\NetBeans 8.1\java\modules\ext\hibernate4\jboss-transaction-api_1.2_spec-1.0.0.Final.jar;C:\Program Files\NetBeans 8.1\java\modules\ext\hibernate4\slf4j-api-1.6.1.jar;C:\Program Files\NetBeans 8.1\java\modules\ext\hibernate4\slf4j-simple-1.6.1.jar;C:\Program Files\NetBeans 8.1\java\modules\ext\hibernate4\hibernate-jpa-2.1-api-1.0.0.Final.jar" />
    <property name="ant.file.type.QicFixSystem-impl" value="file" />
    <property name="libs.JAXB-ENDORSED.src" value="" />
    <property name="dist.archive.excludes" value="" />
    <property name="libs.testng.javadoc" value="C:\Program Files\NetBeans 8.1\platform\docs\testng-6.8.1-javadoc.zip" />
    <property name="libs.DataBindingME-PIM.src" value="C:\Program Files\NetBeans 8.1\mobility\sources\netbeans_databindingme_pim-src.zip" />
    <property name="libs.PostgreSQLDriver.classpath" value="C:\Program Files\NetBeans 8.1\ide\modules\ext\postgresql-9.2-1002.jdbc4.jar" />
    <property name="user.script" value="" />
    <property name="libs.jsf12.maven-pom" value="" />
    <property name="libs.hibernate4-persistencemodelgen.classpath" value="C:\Program Files\NetBeans 8.1\java\modules\ext\hibernate4\hibernate-jpamodelgen-4.3.1.Final.jar" />
    <property name="annotation.processing.source.output" value="build/generated-sources/ap-source-output" />
    <property name="libs.CopyLibs.displayName" value="CopyLibs Task" />
    <property name="build.dir" value="build" />
    <property name="libs.CopyLibs.src" value="" />
    <property name="libs.jsp-compilation.classpath" value="C:\Program Files\NetBeans 8.1\extide\ant\lib\ant.jar;C:\Program Files\NetBeans 8.1\enterprise\modules\ext\servlet3.1-jsp2.3-api.jar;C:\Program Files\NetBeans 8.1\enterprise\modules\ext\glassfish-jspparser-4.0.jar;C:\Program Files\NetBeans 8.1\enterprise\modules\ext\jsf-2_2\javax.faces.jar;C:\Program Files\NetBeans 8.1\enterprise\modules\ext\jstl-api.jar;C:\Program Files\NetBeans 8.1\extide\ant\lib\ant-launcher.jar" />
    <property name="ant.version" value="Apache Ant(TM) version 1.9.4 compiled on April 29 2014" />
    <property name="selected.browser" value="default" />
    <property name="file.encoding" value="Cp1252" />
    <property name="build.classes.excludes" value="**/*.java,**/*.form" />
    <property name="javadoc.nonavbar" value="false" />
    <property name="auxiliary.org-netbeans-modules-css-prep.less_2e_compiler_2e_options" value="" />
    <property name="jdkBug6558476" value="false" />
    <property name="libs.spring-webmvc4.0.classpath" value="C:\Program Files\NetBeans 8.1\java\modules\ext\spring-4\spring-webmvc-4.0.1.RELEASE.jar" />
    <property name="platform.active" value="default_platform" />
    <property name="awt.toolkit" value="sun.awt.windows.WToolkit" />
    <property name="file.reference.javax.websocket-api-1.0-rc4.jar" value="lib\javax.websocket-api-1.0-rc4.jar" />
    <property name="war.ear.name" value="QicFixSystem.war" />
    <property name="libs.javaee-web-api-7.0.javadoc" value="C:\Program Files\NetBeans 8.1\enterprise\docs\javaee-doc-api.jar" />
  </properties>
  <testcase classname="appLogic.AuthenticatorTest" name="testLogin" time="0.464" />
  <system-out><![CDATA[Connected database successfully...
login
Connected database successfully...
]]></system-out>
  <system-err><![CDATA[]]></system-err>
</testsuite>
